
////////////////////////////////////////////////
////////////////   affine_reg   ///////////////
////////////////////////////////////////////////
leptonica-1.78.0 : libpng 1.6.34 : zlib 1.2.11
Error in findTiffCompression: function not present
Error in pixReadStreamTiff: function not present
Error in pixReadStream: tiff: no pix returned
Error in pixRead: pix not read
Error in pixScale: pixs not defined
Test invertability of sequential
Error in pixAddBorder: pixs not defined
Error in pixAffineSequential: pixs not defined
Error in regTestWritePixAndCheck: pix not defined
Error in pixaAddPix: pix not defined
Error in pixAffineSequential: pixs not defined
Error in regTestWritePixAndCheck: pix not defined
Error in pixaAddPix: pix not defined
Error in pixRemoveBorder: pixs not defined
Error in pixXor: pixs1 not defined
Error in regTestWritePixAndCheck: pix not defined
Error in pixaAddPix: pix not defined
Error in pixAddBorder: pixs not defined
Error in pixAffineSequential: pixs not defined
Error in regTestWritePixAndCheck: pix not defined
Error in pixaAddPix: pix not defined
Error in pixAffineSequential: pixs not defined
Error in regTestWritePixAndCheck: pix not defined
Error in pixaAddPix: pix not defined
Error in pixRemoveBorder: pixs not defined
Error in pixXor: pixs1 not defined
Error in regTestWritePixAndCheck: pix not defined
Error in pixaAddPix: pix not defined
Error in pixAddBorder: pixs not defined
Error in pixAffineSequential: pixs not defined
Error in regTestWritePixAndCheck: pix not defined
Error in pixaAddPix: pix not defined
Error in pixAffineSequential: pixs not defined
Error in regTestWritePixAndCheck: pix not defined
Error in pixaAddPix: pix not defined
Error in pixRemoveBorder: pixs not defined
Error in pixXor: pixs1 not defined
Error in regTestWritePixAndCheck: pix not defined
Error in pixaAddPix: pix not defined
Error in pixaDisplayTiledInColumns: no components
Error in pixScaleToGray: pixs not defined
Error in regTestWritePixAndCheck: pix not defined
Test invertability of sampling
Error in pixAddBorder: pixs not defined
Error in pixAffineSampledPta: pixs not defined
Error in regTestWritePixAndCheck: pix not defined
Error in pixaAddPix: pix not defined
Error in pixAffineSampledPta: pixs not defined
Error in regTestWritePixAndCheck: pix not defined
Error in pixaAddPix: pix not defined
Error in pixRemoveBorder: pixs not defined
Error in pixXor: pixs1 not defined
Error in regTestWritePixAndCheck: pix not defined
Error in pixaAddPix: pix not defined
Error in pixAddBorder: pixs not defined
Error in pixAffineSampledPta: pixs not defined
Error in regTestWritePixAndCheck: pix not defined
Error in pixaAddPix: pix not defined
Error in pixAffineSampledPta: pixs not defined
Error in regTestWritePixAndCheck: pix not defined
Error in pixaAddPix: pix not defined
Error in pixRemoveBorder: pixs not defined
Error in pixXor: pixs1 not defined
Error in regTestWritePixAndCheck: pix not defined
Error in pixaAddPix: pix not defined
Error in pixAddBorder: pixs not defined
Error in pixAffineSampledPta: pixs not defined
Error in regTestWritePixAndCheck: pix not defined
Error in pixaAddPix: pix not defined
Error in pixAffineSampledPta: pixs not defined
Error in regTestWritePixAndCheck: pix not defined
Error in pixaAddPix: pix not defined
Error in pixRemoveBorder: pixs not defined
Error in pixXor: pixs1 not defined
Error in regTestWritePixAndCheck: pix not defined
Error in pixaAddPix: pix not defined
Error in pixaDisplayTiledInColumns: no components
Error in pixScaleToGray: pixs not defined
Error in regTestWritePixAndCheck: pix not defined
Test invertability of grayscale interpolation
Error in findTiffCompression: function not present
Error in pixReadStreamTiff: function not present
Error in pixReadStream: tiff: no pix returned
Error in pixRead: pix not read
Error in pixScaleToGray3: pixs not defined
Error in pixAddBorder: pixs not defined
Error in pixAffinePta: pixs not defined
Error in regTestWritePixAndCheck: pix not defined
Error in pixaAddPix: pix not defined
Error in pixAffinePta: pixs not defined
Error in regTestWritePixAndCheck: pix not defined
Error in pixaAddPix: pix not defined
Error in pixRemoveBorder: pixs not defined
Error in pixXor: pixs1 not defined
Error in pixInvert: pixs not defined
Error in regTestWritePixAndCheck: pix not defined
Error in pixaAddPix: pix not defined
Error in pixAddBorder: pixs not defined
Error in pixAffinePta: pixs not defined
Error in regTestWritePixAndCheck: pix not defined
Error in pixaAddPix: pix not defined
Error in pixAffinePta: pixs not defined
Error in regTestWritePixAndCheck: pix not defined
Error in pixaAddPix: pix not defined
Error in pixRemoveBorder: pixs not defined
Error in pixXor: pixs1 not defined
Error in pixInvert: pixs not defined
Error in regTestWritePixAndCheck: pix not defined
Error in pixaAddPix: pix not defined
Error in pixAddBorder: pixs not defined
Error in pixAffinePta: pixs not defined
Error in regTestWritePixAndCheck: pix not defined
Error in pixaAddPix: pix not defined
Error in pixAffinePta: pixs not defined
Error in regTestWritePixAndCheck: pix not defined
Error in pixaAddPix: pix not defined
Error in pixRemoveBorder: pixs not defined
Error in pixXor: pixs1 not defined
Error in pixInvert: pixs not defined
Error in regTestWritePixAndCheck: pix not defined
Error in pixaAddPix: pix not defined
Error in pixaDisplayTiledInColumns: no components
Error in pixScale: pixs not defined
Error in regTestWritePixAndCheck: pix not defined
Test invertability of color interpolation
Error in pixReadStreamJpeg: function not present
Error in pixReadStream: jpeg: no pix returned
Error in pixRead: pix not read
Error in pixScale: pixs not defined
Error in pixAddBorder: pixs not defined
Error in pixAffinePta: pixs not defined
Error in regTestWritePixAndCheck: pix not defined
Error in pixaAddPix: pix not defined
Error in pixAffinePta: pixs not defined
Error in regTestWritePixAndCheck: pix not defined
Error in pixaAddPix: pix not defined
Error in pixRemoveBorder: pixs not defined
Error in pixXor: pixs1 not defined
Error in pixInvert: pixs not defined
Error in regTestWritePixAndCheck: pix not defined
Error in pixaAddPix: pix not defined
Error in pixAddBorder: pixs not defined
Error in pixAffinePta: pixs not defined
Error in regTestWritePixAndCheck: pix not defined
Error in pixaAddPix: pix not defined
Error in pixAffinePta: pixs not defined
Error in regTestWritePixAndCheck: pix not defined
Error in pixaAddPix: pix not defined
Error in pixRemoveBorder: pixs not defined
Error in pixXor: pixs1 not defined
Error in pixInvert: pixs not defined
Error in regTestWritePixAndCheck: pix not defined
Error in pixaAddPix: pix not defined
Error in pixAddBorder: pixs not defined
Error in pixAffinePta: pixs not defined
Error in regTestWritePixAndCheck: pix not defined
Error in pixaAddPix: pix not defined
Error in pixAffinePta: pixs not defined
Error in regTestWritePixAndCheck: pix not defined
Error in pixaAddPix: pix not defined
Error in pixRemoveBorder: pixs not defined
Error in pixXor: pixs1 not defined
Error in pixInvert: pixs not defined
Error in regTestWritePixAndCheck: pix not defined
Error in pixaAddPix: pix not defined
Error in pixaDisplayTiledInColumns: no components
Error in pixScale: pixs not defined
Error in regTestWritePixAndCheck: pix not defined
Compare sequential with sampling
Error in findTiffCompression: function not present
Error in pixReadStreamTiff: function not present
Error in pixReadStream: tiff: no pix returned
Error in pixRead: pix not read
Error in pixScale: pixs not defined
Error in pixAffineSequential: pixs not defined
Error in regTestWritePixAndCheck: pix not defined
Error in pixaAddPix: pix not defined
Error in pixAffineSampledPta: pixs not defined
Error in regTestWritePixAndCheck: pix not defined
Error in pixaAddPix: pix not defined
Error in pixXor: pixs1 not defined
Error in regTestWritePixAndCheck: pix not defined
Error in pixaAddPix: pix not defined
Error in pixaDisplayTiledInColumns: no components
Error in pixScale: pixs not defined
Error in regTestWritePixAndCheck: pix not defined
Test with large distortion
Error in findTiffCompression: function not present
Error in pixReadStreamTiff: function not present
Error in pixReadStream: tiff: no pix returned
Error in pixRead: pix not read
Error in pixScaleToGray6: pixs not defined
Error in pixAffineSequential: pixs not defined
Error in regTestWritePixAndCheck: pix not defined
Error in pixaAddPix: pix not defined
Error in pixAffineSampledPta: pixs not defined
Error in regTestWritePixAndCheck: pix not defined
Error in pixaAddPix: pix not defined
Error in pixAffinePta: pixs not defined
Error in regTestWritePixAndCheck: pix not defined
Error in pixaAddPix: pix not defined
Error in pixXor: pixs1 not defined
Error in pixInvert: pixs not defined
Error in regTestWritePixAndCheck: pix not defined
Error in pixaAddPix: pix not defined
Error in pixXor: pixs1 not defined
Error in pixInvert: pixs not defined
Error in regTestWritePixAndCheck: pix not defined
Error in pixaAddPix: pix not defined
Error in pixaDisplayTiledInColumns: no components
Error in pixScale: pixs not defined
Error in regTestWritePixAndCheck: pix not defined
Test affine transforms and inverses on pix and boxa
Error in findTiffCompression: function not present
Error in pixReadStreamTiff: function not present
Error in pixReadStream: tiff: no pix returned
Error in pixRead: pix not read
Error in pixTranslate: pixs not defined
Error in pixCloseBrick: pixs not defined
Error in pixOpenBrick: pixs not defined
Error in pixConnComp: pixs undefined or not 1 bpp
Error in pixConvertTo32: pixs not defined
Error in pixGetDimensions: pix not defined
Error in pixCopy: pixs not defined
Error in boxaGetCount: boxa not defined
Error in regTestWritePixAndCheck: pix not defined
Error in pixaAddPix: pix not defined
Error in boxaAffineTransform: boxas not defined
Error in pixAffine: pixs not defined
Error in boxaGetCount: boxa not defined
Error in regTestWritePixAndCheck: pix not defined
Error in pixaAddPix: pix not defined
Error in pixaDisplayTiledInColumns: no components
Error in regTestWritePixAndCheck: pix not defined
Time:   0.000 sec

////////////////////////////////////////////////
////////////////   affine_reg   ///////////////
////////////////////////////////////////////////
leptonica-1.78.0 : libpng 1.6.34 : zlib 1.2.11
Error in findTiffCompression: function not present
Error in pixReadStreamTiff: function not present
Error in pixReadStream: tiff: no pix returned
Error in pixRead: pix not read
Error in pixScale: pixs not defined
Test invertability of sequential
Error in pixAddBorder: pixs not defined
Error in pixAffineSequential: pixs not defined
Error in regTestWritePixAndCheck: pix not defined
Error in pixaAddPix: pix not defined
Error in pixAffineSequential: pixs not defined
Error in regTestWritePixAndCheck: pix not defined
Error in pixaAddPix: pix not defined
Error in pixRemoveBorder: pixs not defined
Error in pixXor: pixs1 not defined
Error in regTestWritePixAndCheck: pix not defined
Error in pixaAddPix: pix not defined
Error in pixAddBorder: pixs not defined
Error in pixAffineSequential: pixs not defined
Error in regTestWritePixAndCheck: pix not defined
Error in pixaAddPix: pix not defined
Error in pixAffineSequential: pixs not defined
Error in regTestWritePixAndCheck: pix not defined
Error in pixaAddPix: pix not defined
Error in pixRemoveBorder: pixs not defined
Error in pixXor: pixs1 not defined
Error in regTestWritePixAndCheck: pix not defined
Error in pixaAddPix: pix not defined
Error in pixAddBorder: pixs not defined
Error in pixAffineSequential: pixs not defined
Error in regTestWritePixAndCheck: pix not defined
Error in pixaAddPix: pix not defined
Error in pixAffineSequential: pixs not defined
Error in regTestWritePixAndCheck: pix not defined
Error in pixaAddPix: pix not defined
Error in pixRemoveBorder: pixs not defined
Error in pixXor: pixs1 not defined
Error in regTestWritePixAndCheck: pix not defined
Error in pixaAddPix: pix not defined
Error in pixaDisplayTiledInColumns: no components
Error in pixScaleToGray: pixs not defined
Error in regTestWritePixAndCheck: pix not defined
Test invertability of sampling
Error in pixAddBorder: pixs not defined
Error in pixAffineSampledPta: pixs not defined
Error in regTestWritePixAndCheck: pix not defined
Error in pixaAddPix: pix not defined
Error in pixAffineSampledPta: pixs not defined
Error in regTestWritePixAndCheck: pix not defined
Error in pixaAddPix: pix not defined
Error in pixRemoveBorder: pixs not defined
Error in pixXor: pixs1 not defined
Error in regTestWritePixAndCheck: pix not defined
Error in pixaAddPix: pix not defined
Error in pixAddBorder: pixs not defined
Error in pixAffineSampledPta: pixs not defined
Error in regTestWritePixAndCheck: pix not defined
Error in pixaAddPix: pix not defined
Error in pixAffineSampledPta: pixs not defined
Error in regTestWritePixAndCheck: pix not defined
Error in pixaAddPix: pix not defined
Error in pixRemoveBorder: pixs not defined
Error in pixXor: pixs1 not defined
Error in regTestWritePixAndCheck: pix not defined
Error in pixaAddPix: pix not defined
Error in pixAddBorder: pixs not defined
Error in pixAffineSampledPta: pixs not defined
Error in regTestWritePixAndCheck: pix not defined
Error in pixaAddPix: pix not defined
Error in pixAffineSampledPta: pixs not defined
Error in regTestWritePixAndCheck: pix not defined
Error in pixaAddPix: pix not defined
Error in pixRemoveBorder: pixs not defined
Error in pixXor: pixs1 not defined
Error in regTestWritePixAndCheck: pix not defined
Error in pixaAddPix: pix not defined
Error in pixaDisplayTiledInColumns: no components
Error in pixScaleToGray: pixs not defined
Error in regTestWritePixAndCheck: pix not defined
Test invertability of grayscale interpolation
Error in findTiffCompression: function not present
Error in pixReadStreamTiff: function not present
Error in pixReadStream: tiff: no pix returned
Error in pixRead: pix not read
Error in pixScaleToGray3: pixs not defined
Error in pixAddBorder: pixs not defined
Error in pixAffinePta: pixs not defined
Error in regTestWritePixAndCheck: pix not defined
Error in pixaAddPix: pix not defined
Error in pixAffinePta: pixs not defined
Error in regTestWritePixAndCheck: pix not defined
Error in pixaAddPix: pix not defined
Error in pixRemoveBorder: pixs not defined
Error in pixXor: pixs1 not defined
Error in pixInvert: pixs not defined
Error in regTestWritePixAndCheck: pix not defined
Error in pixaAddPix: pix not defined
Error in pixAddBorder: pixs not defined
Error in pixAffinePta: pixs not defined
Error in regTestWritePixAndCheck: pix not defined
Error in pixaAddPix: pix not defined
Error in pixAffinePta: pixs not defined
Error in regTestWritePixAndCheck: pix not defined
Error in pixaAddPix: pix not defined
Error in pixRemoveBorder: pixs not defined
Error in pixXor: pixs1 not defined
Error in pixInvert: pixs not defined
Error in regTestWritePixAndCheck: pix not defined
Error in pixaAddPix: pix not defined
Error in pixAddBorder: pixs not defined
Error in pixAffinePta: pixs not defined
Error in regTestWritePixAndCheck: pix not defined
Error in pixaAddPix: pix not defined
Error in pixAffinePta: pixs not defined
Error in regTestWritePixAndCheck: pix not defined
Error in pixaAddPix: pix not defined
Error in pixRemoveBorder: pixs not defined
Error in pixXor: pixs1 not defined
Error in pixInvert: pixs not defined
Error in regTestWritePixAndCheck: pix not defined
Error in pixaAddPix: pix not defined
Error in pixaDisplayTiledInColumns: no components
Error in pixScale: pixs not defined
Error in regTestWritePixAndCheck: pix not defined
Test invertability of color interpolation
Error in pixReadStreamJpeg: function not present
Error in pixReadStream: jpeg: no pix returned
Error in pixRead: pix not read
Error in pixScale: pixs not defined
Error in pixAddBorder: pixs not defined
Error in pixAffinePta: pixs not defined
Error in regTestWritePixAndCheck: pix not defined
Error in pixaAddPix: pix not defined
Error in pixAffinePta: pixs not defined
Error in regTestWritePixAndCheck: pix not defined
Error in pixaAddPix: pix not defined
Error in pixRemoveBorder: pixs not defined
Error in pixXor: pixs1 not defined
Error in pixInvert: pixs not defined
Error in regTestWritePixAndCheck: pix not defined
Error in pixaAddPix: pix not defined
Error in pixAddBorder: pixs not defined
Error in pixAffinePta: pixs not defined
Error in regTestWritePixAndCheck: pix not defined
Error in pixaAddPix: pix not defined
Error in pixAffinePta: pixs not defined
Error in regTestWritePixAndCheck: pix not defined
Error in pixaAddPix: pix not defined
Error in pixRemoveBorder: pixs not defined
Error in pixXor: pixs1 not defined
Error in pixInvert: pixs not defined
Error in regTestWritePixAndCheck: pix not defined
Error in pixaAddPix: pix not defined
Error in pixAddBorder: pixs not defined
Error in pixAffinePta: pixs not defined
Error in regTestWritePixAndCheck: pix not defined
Error in pixaAddPix: pix not defined
Error in pixAffinePta: pixs not defined
Error in regTestWritePixAndCheck: pix not defined
Error in pixaAddPix: pix not defined
Error in pixRemoveBorder: pixs not defined
Error in pixXor: pixs1 not defined
Error in pixInvert: pixs not defined
Error in regTestWritePixAndCheck: pix not defined
Error in pixaAddPix: pix not defined
Error in pixaDisplayTiledInColumns: no components
Error in pixScale: pixs not defined
Error in regTestWritePixAndCheck: pix not defined
Compare sequential with sampling
Error in findTiffCompression: function not present
Error in pixReadStreamTiff: function not present
Error in pixReadStream: tiff: no pix returned
Error in pixRead: pix not read
Error in pixScale: pixs not defined
Error in pixAffineSequential: pixs not defined
Error in regTestWritePixAndCheck: pix not defined
Error in pixaAddPix: pix not defined
Error in pixAffineSampledPta: pixs not defined
Error in regTestWritePixAndCheck: pix not defined
Error in pixaAddPix: pix not defined
Error in pixXor: pixs1 not defined
Error in regTestWritePixAndCheck: pix not defined
Error in pixaAddPix: pix not defined
Error in pixaDisplayTiledInColumns: no components
Error in pixScale: pixs not defined
Error in regTestWritePixAndCheck: pix not defined
Test with large distortion
Error in findTiffCompression: function not present
Error in pixReadStreamTiff: function not present
Error in pixReadStream: tiff: no pix returned
Error in pixRead: pix not read
Error in pixScaleToGray6: pixs not defined
Error in pixAffineSequential: pixs not defined
Error in regTestWritePixAndCheck: pix not defined
Error in pixaAddPix: pix not defined
Error in pixAffineSampledPta: pixs not defined
Error in regTestWritePixAndCheck: pix not defined
Error in pixaAddPix: pix not defined
Error in pixAffinePta: pixs not defined
Error in regTestWritePixAndCheck: pix not defined
Error in pixaAddPix: pix not defined
Error in pixXor: pixs1 not defined
Error in pixInvert: pixs not defined
Error in regTestWritePixAndCheck: pix not defined
Error in pixaAddPix: pix not defined
Error in pixXor: pixs1 not defined
Error in pixInvert: pixs not defined
Error in regTestWritePixAndCheck: pix not defined
Error in pixaAddPix: pix not defined
Error in pixaDisplayTiledInColumns: no components
Error in pixScale: pixs not defined
Error in regTestWritePixAndCheck: pix not defined
Test affine transforms and inverses on pix and boxa
Error in findTiffCompression: function not present
Error in pixReadStreamTiff: function not present
Error in pixReadStream: tiff: no pix returned
Error in pixRead: pix not read
Error in pixTranslate: pixs not defined
Error in pixCloseBrick: pixs not defined
Error in pixOpenBrick: pixs not defined
Error in pixConnComp: pixs undefined or not 1 bpp
Error in pixConvertTo32: pixs not defined
Error in pixGetDimensions: pix not defined
Error in pixCopy: pixs not defined
Error in boxaGetCount: boxa not defined
Error in regTestWritePixAndCheck: pix not defined
Error in pixaAddPix: pix not defined
Error in boxaAffineTransform: boxas not defined
Error in pixAffine: pixs not defined
Error in boxaGetCount: boxa not defined
Error in regTestWritePixAndCheck: pix not defined
Error in pixaAddPix: pix not defined
Error in pixaDisplayTiledInColumns: no components
Error in regTestWritePixAndCheck: pix not defined
Time:   0.000 sec
FAIL affine_reg (exit status: 1)
