
////////////////////////////////////////////////
////////////////   alphaxform_reg   ///////////////
////////////////////////////////////////////////
leptonica-1.78.0 : libpng 1.6.34 : zlib 1.2.11
Error in pixReadStreamJpeg: function not present
Error in pixReadStream: jpeg: no pix returned
Error in pixRead: pix not read
Error in pixReadStreamJpeg: function not present
Error in pixReadStream: jpeg: no pix returned
Error in pixRead: pix not read
Error in pixReadStreamJpeg: function not present
Error in pixReadStream: jpeg: no pix returned
Error in pixRead: pix not read
Error in pixScaleWithAlpha: pixs not defined
Error in pixScaleWithAlpha: pixs not defined
Error in pixBlendWithGrayMask: pixs2 not defined
Error in pixBlendWithGrayMask: pixs1 not defined
Error in pixBlendWithGrayMask: pixs1 not defined
Error in regTestWritePixAndCheck: pix not defined
Error in pixRotateWithAlpha: pixs not defined
Error in pixRotateWithAlpha: pixs not defined
Error in pixBlendWithGrayMask: pixs2 not defined
Error in pixBlendWithGrayMask: pixs1 not defined
Error in regTestWritePixAndCheck: pix not defined
Error in pixScale: pixs not defined
Error in pixScale: pixs not defined
Error in pixScale: pixs not defined
Error in pixAffinePtaWithAlpha: pixs not defined
Error in pixAffinePtaWithAlpha: pixs not defined
Error in pixAffinePtaWithAlpha: pixs not defined
Error in pixBlendWithGrayMask: pixs2 not defined
Error in pixBlendWithGrayMask: pixs1 not defined
Error in pixBlendWithGrayMask: pixs1 not defined
Error in regTestWritePixAndCheck: pix not defined
Error in pixProjectivePtaWithAlpha: pixs not defined
Error in pixProjectivePtaWithAlpha: pixs not defined
Error in pixProjectivePtaWithAlpha: pixs not defined
Error in pixBlendWithGrayMask: pixs2 not defined
Error in pixBlendWithGrayMask: pixs1 not defined
Error in pixBlendWithGrayMask: pixs1 not defined
Error in regTestWritePixAndCheck: pix not defined
Error in pixBilinearPtaWithAlpha: pixs not defined
Error in pixBilinearPtaWithAlpha: pixs not defined
Error in pixBilinearPtaWithAlpha: pixs not defined
Error in pixBlendWithGrayMask: pixs2 not defined
Error in pixBlendWithGrayMask: pixs1 not defined
Error in pixBlendWithGrayMask: pixs1 not defined
Error in regTestWritePixAndCheck: pix not defined
Time:   0.000 sec

////////////////////////////////////////////////
////////////////   alphaxform_reg   ///////////////
////////////////////////////////////////////////
leptonica-1.78.0 : libpng 1.6.34 : zlib 1.2.11
Error in pixReadStreamJpeg: function not present
Error in pixReadStream: jpeg: no pix returned
Error in pixRead: pix not read
Error in pixReadStreamJpeg: function not present
Error in pixReadStream: jpeg: no pix returned
Error in pixRead: pix not read
Error in pixReadStreamJpeg: function not present
Error in pixReadStream: jpeg: no pix returned
Error in pixRead: pix not read
Error in pixScaleWithAlpha: pixs not defined
Error in pixScaleWithAlpha: pixs not defined
Error in pixBlendWithGrayMask: pixs2 not defined
Error in pixBlendWithGrayMask: pixs1 not defined
Error in pixBlendWithGrayMask: pixs1 not defined
Error in regTestWritePixAndCheck: pix not defined
Error in pixRotateWithAlpha: pixs not defined
Error in pixRotateWithAlpha: pixs not defined
Error in pixBlendWithGrayMask: pixs2 not defined
Error in pixBlendWithGrayMask: pixs1 not defined
Error in regTestWritePixAndCheck: pix not defined
Error in pixScale: pixs not defined
Error in pixScale: pixs not defined
Error in pixScale: pixs not defined
Error in pixAffinePtaWithAlpha: pixs not defined
Error in pixAffinePtaWithAlpha: pixs not defined
Error in pixAffinePtaWithAlpha: pixs not defined
Error in pixBlendWithGrayMask: pixs2 not defined
Error in pixBlendWithGrayMask: pixs1 not defined
Error in pixBlendWithGrayMask: pixs1 not defined
Error in regTestWritePixAndCheck: pix not defined
Error in pixProjectivePtaWithAlpha: pixs not defined
Error in pixProjectivePtaWithAlpha: pixs not defined
Error in pixProjectivePtaWithAlpha: pixs not defined
Error in pixBlendWithGrayMask: pixs2 not defined
Error in pixBlendWithGrayMask: pixs1 not defined
Error in pixBlendWithGrayMask: pixs1 not defined
Error in regTestWritePixAndCheck: pix not defined
Error in pixBilinearPtaWithAlpha: pixs not defined
Error in pixBilinearPtaWithAlpha: pixs not defined
Error in pixBilinearPtaWithAlpha: pixs not defined
Error in pixBlendWithGrayMask: pixs2 not defined
Error in pixBlendWithGrayMask: pixs1 not defined
Error in pixBlendWithGrayMask: pixs1 not defined
Error in regTestWritePixAndCheck: pix not defined
Time:   0.000 sec
FAIL alphaxform_reg (exit status: 1)
