
////////////////////////////////////////////////
////////////////   blend3_reg   ///////////////
////////////////////////////////////////////////
leptonica-1.78.0 : libpng 1.6.34 : zlib 1.2.11
Error in pixReadStreamJpeg: function not present
Error in pixReadStream: jpeg: no pix returned
Error in pixRead: pix not read
Error in findTiffCompression: function not present
Error in pixReadStreamTiff: function not present
Error in pixReadStream: tiff: no pix returned
Error in pixRead: pix not read
Error in pixGetDepth: pix not defined
Error in pixGetDepth: pix not defined
Error in pixBlend: pixs1 not defined
Error in pixBlend: pixs1 not defined
Error in pixBlend: pixs1 not defined
Error in pixBlend: pixs1 not defined
Error in pixBlend: pixs1 not defined
Error in pixBlend: pixs1 not defined
Error in pixaAddPix: pix not defined
Error in pixBlendGray: pixs1 not defined
Error in pixBlendGray: pixs1 not defined
Error in pixBlendGray: pixs1 not defined
Error in pixBlendGray: pixs1 not defined
Error in pixaAddPix: pix not defined
Error in pixBlendGray: pixs1 not defined
Error in pixBlendGray: pixs1 not defined
Error in pixBlendGray: pixs1 not defined
Error in pixBlendGray: pixs1 not defined
Error in pixaAddPix: pix not defined
Error in pixBlendGrayInverse: pixs1 not defined
Error in pixBlendGrayInverse: pixs1 not defined
Error in pixBlendGrayInverse: pixs1 not defined
Error in pixBlendGrayInverse: pixs1 not defined
Error in pixaAddPix: pix not defined
Error in pixBlendGrayAdapt: pixs1 not defined
Error in pixBlendGrayAdapt: pixs1 not defined
Error in pixBlendGrayAdapt: pixs1 not defined
Error in pixBlendGrayAdapt: pixs1 not defined
Error in pixaAddPix: pix not defined
Error in pixBlendColor: pixs1 not defined
Error in pixBlendColor: pixs1 not defined
Error in pixBlendColor: pixs1 not defined
Error in pixBlendColor: pixs1 not defined
Error in pixaAddPix: pix not defined
Error in pixBlendColorByChannel: pixs1 not defined
Error in pixBlendColorByChannel: pixs1 not defined
Error in pixBlendColorByChannel: pixs1 not defined
Error in pixBlendColorByChannel: pixs1 not defined
Error in pixaAddPix: pix not defined
Error in pixaDisplayTiledInRows: no components
Error in pixaAddPix: pix not defined
Error in regTestWritePixAndCheck: pix not defined
Error in pixReadStreamJpeg: function not present
Error in pixReadStream: jpeg: no pix returned
Error in pixRead: pix not read
Error in pixGetDepth: pix not defined
Error in pixBlend: pixs1 not defined
Error in pixBlend: pixs1 not defined
Error in pixBlend: pixs1 not defined
Error in pixBlend: pixs1 not defined
Error in pixBlend: pixs1 not defined
Error in pixBlend: pixs1 not defined
Error in pixaAddPix: pix not defined
Error in pixBlendGray: pixs1 not defined
Error in pixBlendGray: pixs1 not defined
Error in pixBlendGray: pixs1 not defined
Error in pixBlendGray: pixs1 not defined
Error in pixaAddPix: pix not defined
Error in pixBlendGray: pixs1 not defined
Error in pixBlendGray: pixs1 not defined
Error in pixBlendGray: pixs1 not defined
Error in pixBlendGray: pixs1 not defined
Error in pixaAddPix: pix not defined
Error in pixBlendGrayInverse: pixs1 not defined
Error in pixBlendGrayInverse: pixs1 not defined
Error in pixBlendGrayInverse: pixs1 not defined
Error in pixBlendGrayInverse: pixs1 not defined
Error in pixaAddPix: pix not defined
Error in pixBlendGrayAdapt: pixs1 not defined
Error in pixBlendGrayAdapt: pixs1 not defined
Error in pixBlendGrayAdapt: pixs1 not defined
Error in pixBlendGrayAdapt: pixs1 not defined
Error in pixaAddPix: pix not defined
Error in pixBlendColor: pixs1 not defined
Error in pixBlendColor: pixs1 not defined
Error in pixBlendColor: pixs1 not defined
Error in pixBlendColor: pixs1 not defined
Error in pixaAddPix: pix not defined
Error in pixBlendColorByChannel: pixs1 not defined
Error in pixBlendColorByChannel: pixs1 not defined
Error in pixBlendColorByChannel: pixs1 not defined
Error in pixBlendColorByChannel: pixs1 not defined
Error in pixaAddPix: pix not defined
Error in pixaDisplayTiledInRows: no components
Error in pixaAddPix: pix not defined
Error in regTestWritePixAndCheck: pix not defined
Error in pixReadStreamJpeg: function not present
Error in pixReadStream: jpeg: no pix returned
Error in pixRead: pix not read
Error in pixGetDepth: pix not defined
Error in pixBlend: pixs1 not defined
Error in pixBlend: pixs1 not defined
Error in pixBlend: pixs1 not defined
Error in pixBlend: pixs1 not defined
Error in pixBlend: pixs1 not defined
Error in pixBlend: pixs1 not defined
Error in pixaAddPix: pix not defined
Error in pixBlendGray: pixs1 not defined
Error in pixBlendGray: pixs1 not defined
Error in pixBlendGray: pixs1 not defined
Error in pixBlendGray: pixs1 not defined
Error in pixaAddPix: pix not defined
Error in pixBlendGray: pixs1 not defined
Error in pixBlendGray: pixs1 not defined
Error in pixBlendGray: pixs1 not defined
Error in pixBlendGray: pixs1 not defined
Error in pixaAddPix: pix not defined
Error in pixBlendGrayInverse: pixs1 not defined
Error in pixBlendGrayInverse: pixs1 not defined
Error in pixBlendGrayInverse: pixs1 not defined
Error in pixBlendGrayInverse: pixs1 not defined
Error in pixaAddPix: pix not defined
Error in pixBlendGrayAdapt: pixs1 not defined
Error in pixBlendGrayAdapt: pixs1 not defined
Error in pixBlendGrayAdapt: pixs1 not defined
Error in pixBlendGrayAdapt: pixs1 not defined
Error in pixaAddPix: pix not defined
Error in pixBlendColor: pixs1 not defined
Error in pixBlendColor: pixs1 not defined
Error in pixBlendColor: pixs1 not defined
Error in pixBlendColor: pixs1 not defined
Error in pixaAddPix: pix not defined
Error in pixBlendColorByChannel: pixs1 not defined
Error in pixBlendColorByChannel: pixs1 not defined
Error in pixBlendColorByChannel: pixs1 not defined
Error in pixBlendColorByChannel: pixs1 not defined
Error in pixaAddPix: pix not defined
Error in pixaDisplayTiledInRows: no components
Error in pixaAddPix: pix not defined
Error in regTestWritePixAndCheck: pix not defined
Error in pixReadStreamJpeg: function not present
Error in pixReadStream: jpeg: no pix returned
Error in pixRead: pix not read
Error in findTiffCompression: function not present
Error in pixReadStreamTiff: function not present
Error in pixReadStream: tiff: no pix returned
Error in pixRead: pix not read
Error in pixGetDepth: pix not defined
Error in pixGetDepth: pix not defined
Error in pixBlend: pixs1 not defined
Error in pixBlend: pixs1 not defined
Error in pixBlend: pixs1 not defined
Error in pixBlend: pixs1 not defined
Error in pixBlend: pixs1 not defined
Error in pixBlend: pixs1 not defined
Error in pixaAddPix: pix not defined
Error in pixBlendGray: pixs1 not defined
Error in pixBlendGray: pixs1 not defined
Error in pixBlendGray: pixs1 not defined
Error in pixBlendGray: pixs1 not defined
Error in pixaAddPix: pix not defined
Error in pixBlendGray: pixs1 not defined
Error in pixBlendGray: pixs1 not defined
Error in pixBlendGray: pixs1 not defined
Error in pixBlendGray: pixs1 not defined
Error in pixaAddPix: pix not defined
Error in pixBlendGrayInverse: pixs1 not defined
Error in pixBlendGrayInverse: pixs1 not defined
Error in pixBlendGrayInverse: pixs1 not defined
Error in pixBlendGrayInverse: pixs1 not defined
Error in pixaAddPix: pix not defined
Error in pixBlendGrayAdapt: pixs1 not defined
Error in pixBlendGrayAdapt: pixs1 not defined
Error in pixBlendGrayAdapt: pixs1 not defined
Error in pixBlendGrayAdapt: pixs1 not defined
Error in pixaAddPix: pix not defined
Error in pixBlendColor: pixs1 not defined
Error in pixBlendColor: pixs1 not defined
Error in pixBlendColor: pixs1 not defined
Error in pixBlendColor: pixs1 not defined
Error in pixaAddPix: pix not defined
Error in pixBlendColorByChannel: pixs1 not defined
Error in pixBlendColorByChannel: pixs1 not defined
Error in pixBlendColorByChannel: pixs1 not defined
Error in pixBlendColorByChannel: pixs1 not defined
Error in pixaAddPix: pix not defined
Error in pixaDisplayTiledInRows: no components
Error in pixaAddPix: pix not defined
Error in regTestWritePixAndCheck: pix not defined
Error in pixReadStreamJpeg: function not present
Error in pixReadStream: jpeg: no pix returned
Error in pixRead: pix not read
Error in pixGetDepth: pix not defined
Error in pixBlend: pixs1 not defined
Error in pixBlend: pixs1 not defined
Error in pixBlend: pixs1 not defined
Error in pixBlend: pixs1 not defined
Error in pixBlend: pixs1 not defined
Error in pixBlend: pixs1 not defined
Error in pixaAddPix: pix not defined
Error in pixBlendGray: pixs1 not defined
Error in pixBlendGray: pixs1 not defined
Error in pixBlendGray: pixs1 not defined
Error in pixBlendGray: pixs1 not defined
Error in pixaAddPix: pix not defined
Error in pixBlendGray: pixs1 not defined
Error in pixBlendGray: pixs1 not defined
Error in pixBlendGray: pixs1 not defined
Error in pixBlendGray: pixs1 not defined
Error in pixaAddPix: pix not defined
Error in pixBlendGrayInverse: pixs1 not defined
Error in pixBlendGrayInverse: pixs1 not defined
Error in pixBlendGrayInverse: pixs1 not defined
Error in pixBlendGrayInverse: pixs1 not defined
Error in pixaAddPix: pix not defined
Error in pixBlendGrayAdapt: pixs1 not defined
Error in pixBlendGrayAdapt: pixs1 not defined
Error in pixBlendGrayAdapt: pixs1 not defined
Error in pixBlendGrayAdapt: pixs1 not defined
Error in pixaAddPix: pix not defined
Error in pixBlendColor: pixs1 not defined
Error in pixBlendColor: pixs1 not defined
Error in pixBlendColor: pixs1 not defined
Error in pixBlendColor: pixs1 not defined
Error in pixaAddPix: pix not defined
Error in pixBlendColorByChannel: pixs1 not defined
Error in pixBlendColorByChannel: pixs1 not defined
Error in pixBlendColorByChannel: pixs1 not defined
Error in pixBlendColorByChannel: pixs1 not defined
Error in pixaAddPix: pix not defined
Error in pixaDisplayTiledInRows: no components
Error in pixaAddPix: pix not defined
Error in regTestWritePixAndCheck: pix not defined
Error in pixReadStreamJpeg: function not present
Error in pixReadStream: jpeg: no pix returned
Error in pixRead: pix not read
Error in pixGetDepth: pix not defined
Error in pixBlend: pixs1 not defined
Error in pixBlend: pixs1 not defined
Error in pixBlend: pixs1 not defined
Error in pixBlend: pixs1 not defined
Error in pixBlend: pixs1 not defined
Error in pixBlend: pixs1 not defined
Error in pixaAddPix: pix not defined
Error in pixBlendGray: pixs1 not defined
Error in pixBlendGray: pixs1 not defined
Error in pixBlendGray: pixs1 not defined
Error in pixBlendGray: pixs1 not defined
Error in pixaAddPix: pix not defined
Error in pixBlendGray: pixs1 not defined
Error in pixBlendGray: pixs1 not defined
Error in pixBlendGray: pixs1 not defined
Error in pixBlendGray: pixs1 not defined
Error in pixaAddPix: pix not defined
Error in pixBlendGrayInverse: pixs1 not defined
Error in pixBlendGrayInverse: pixs1 not defined
Error in pixBlendGrayInverse: pixs1 not defined
Error in pixBlendGrayInverse: pixs1 not defined
Error in pixaAddPix: pix not defined
Error in pixBlendGrayAdapt: pixs1 not defined
Error in pixBlendGrayAdapt: pixs1 not defined
Error in pixBlendGrayAdapt: pixs1 not defined
Error in pixBlendGrayAdapt: pixs1 not defined
Error in pixaAddPix: pix not defined
Error in pixBlendColor: pixs1 not defined
Error in pixBlendColor: pixs1 not defined
Error in pixBlendColor: pixs1 not defined
Error in pixBlendColor: pixs1 not defined
Error in pixaAddPix: pix not defined
Error in pixBlendColorByChannel: pixs1 not defined
Error in pixBlendColorByChannel: pixs1 not defined
Error in pixBlendColorByChannel: pixs1 not defined
Error in pixBlendColorByChannel: pixs1 not defined
Error in pixaAddPix: pix not defined
Error in pixaDisplayTiledInRows: no components
Error in pixaAddPix: pix not defined
Error in regTestWritePixAndCheck: pix not defined
Error in pixaDisplayTiledInRows: no components
Error in pixWrite: pix not defined
Time:   0.000 sec

////////////////////////////////////////////////
////////////////   blend3_reg   ///////////////
////////////////////////////////////////////////
leptonica-1.78.0 : libpng 1.6.34 : zlib 1.2.11
Error in pixReadStreamJpeg: function not present
Error in pixReadStream: jpeg: no pix returned
Error in pixRead: pix not read
Error in findTiffCompression: function not present
Error in pixReadStreamTiff: function not present
Error in pixReadStream: tiff: no pix returned
Error in pixRead: pix not read
Error in pixGetDepth: pix not defined
Error in pixGetDepth: pix not defined
Error in pixBlend: pixs1 not defined
Error in pixBlend: pixs1 not defined
Error in pixBlend: pixs1 not defined
Error in pixBlend: pixs1 not defined
Error in pixBlend: pixs1 not defined
Error in pixBlend: pixs1 not defined
Error in pixaAddPix: pix not defined
Error in pixBlendGray: pixs1 not defined
Error in pixBlendGray: pixs1 not defined
Error in pixBlendGray: pixs1 not defined
Error in pixBlendGray: pixs1 not defined
Error in pixaAddPix: pix not defined
Error in pixBlendGray: pixs1 not defined
Error in pixBlendGray: pixs1 not defined
Error in pixBlendGray: pixs1 not defined
Error in pixBlendGray: pixs1 not defined
Error in pixaAddPix: pix not defined
Error in pixBlendGrayInverse: pixs1 not defined
Error in pixBlendGrayInverse: pixs1 not defined
Error in pixBlendGrayInverse: pixs1 not defined
Error in pixBlendGrayInverse: pixs1 not defined
Error in pixaAddPix: pix not defined
Error in pixBlendGrayAdapt: pixs1 not defined
Error in pixBlendGrayAdapt: pixs1 not defined
Error in pixBlendGrayAdapt: pixs1 not defined
Error in pixBlendGrayAdapt: pixs1 not defined
Error in pixaAddPix: pix not defined
Error in pixBlendColor: pixs1 not defined
Error in pixBlendColor: pixs1 not defined
Error in pixBlendColor: pixs1 not defined
Error in pixBlendColor: pixs1 not defined
Error in pixaAddPix: pix not defined
Error in pixBlendColorByChannel: pixs1 not defined
Error in pixBlendColorByChannel: pixs1 not defined
Error in pixBlendColorByChannel: pixs1 not defined
Error in pixBlendColorByChannel: pixs1 not defined
Error in pixaAddPix: pix not defined
Error in pixaDisplayTiledInRows: no components
Error in pixaAddPix: pix not defined
Error in regTestWritePixAndCheck: pix not defined
Error in pixReadStreamJpeg: function not present
Error in pixReadStream: jpeg: no pix returned
Error in pixRead: pix not read
Error in pixGetDepth: pix not defined
Error in pixBlend: pixs1 not defined
Error in pixBlend: pixs1 not defined
Error in pixBlend: pixs1 not defined
Error in pixBlend: pixs1 not defined
Error in pixBlend: pixs1 not defined
Error in pixBlend: pixs1 not defined
Error in pixaAddPix: pix not defined
Error in pixBlendGray: pixs1 not defined
Error in pixBlendGray: pixs1 not defined
Error in pixBlendGray: pixs1 not defined
Error in pixBlendGray: pixs1 not defined
Error in pixaAddPix: pix not defined
Error in pixBlendGray: pixs1 not defined
Error in pixBlendGray: pixs1 not defined
Error in pixBlendGray: pixs1 not defined
Error in pixBlendGray: pixs1 not defined
Error in pixaAddPix: pix not defined
Error in pixBlendGrayInverse: pixs1 not defined
Error in pixBlendGrayInverse: pixs1 not defined
Error in pixBlendGrayInverse: pixs1 not defined
Error in pixBlendGrayInverse: pixs1 not defined
Error in pixaAddPix: pix not defined
Error in pixBlendGrayAdapt: pixs1 not defined
Error in pixBlendGrayAdapt: pixs1 not defined
Error in pixBlendGrayAdapt: pixs1 not defined
Error in pixBlendGrayAdapt: pixs1 not defined
Error in pixaAddPix: pix not defined
Error in pixBlendColor: pixs1 not defined
Error in pixBlendColor: pixs1 not defined
Error in pixBlendColor: pixs1 not defined
Error in pixBlendColor: pixs1 not defined
Error in pixaAddPix: pix not defined
Error in pixBlendColorByChannel: pixs1 not defined
Error in pixBlendColorByChannel: pixs1 not defined
Error in pixBlendColorByChannel: pixs1 not defined
Error in pixBlendColorByChannel: pixs1 not defined
Error in pixaAddPix: pix not defined
Error in pixaDisplayTiledInRows: no components
Error in pixaAddPix: pix not defined
Error in regTestWritePixAndCheck: pix not defined
Error in pixReadStreamJpeg: function not present
Error in pixReadStream: jpeg: no pix returned
Error in pixRead: pix not read
Error in pixGetDepth: pix not defined
Error in pixBlend: pixs1 not defined
Error in pixBlend: pixs1 not defined
Error in pixBlend: pixs1 not defined
Error in pixBlend: pixs1 not defined
Error in pixBlend: pixs1 not defined
Error in pixBlend: pixs1 not defined
Error in pixaAddPix: pix not defined
Error in pixBlendGray: pixs1 not defined
Error in pixBlendGray: pixs1 not defined
Error in pixBlendGray: pixs1 not defined
Error in pixBlendGray: pixs1 not defined
Error in pixaAddPix: pix not defined
Error in pixBlendGray: pixs1 not defined
Error in pixBlendGray: pixs1 not defined
Error in pixBlendGray: pixs1 not defined
Error in pixBlendGray: pixs1 not defined
Error in pixaAddPix: pix not defined
Error in pixBlendGrayInverse: pixs1 not defined
Error in pixBlendGrayInverse: pixs1 not defined
Error in pixBlendGrayInverse: pixs1 not defined
Error in pixBlendGrayInverse: pixs1 not defined
Error in pixaAddPix: pix not defined
Error in pixBlendGrayAdapt: pixs1 not defined
Error in pixBlendGrayAdapt: pixs1 not defined
Error in pixBlendGrayAdapt: pixs1 not defined
Error in pixBlendGrayAdapt: pixs1 not defined
Error in pixaAddPix: pix not defined
Error in pixBlendColor: pixs1 not defined
Error in pixBlendColor: pixs1 not defined
Error in pixBlendColor: pixs1 not defined
Error in pixBlendColor: pixs1 not defined
Error in pixaAddPix: pix not defined
Error in pixBlendColorByChannel: pixs1 not defined
Error in pixBlendColorByChannel: pixs1 not defined
Error in pixBlendColorByChannel: pixs1 not defined
Error in pixBlendColorByChannel: pixs1 not defined
Error in pixaAddPix: pix not defined
Error in pixaDisplayTiledInRows: no components
Error in pixaAddPix: pix not defined
Error in regTestWritePixAndCheck: pix not defined
Error in pixReadStreamJpeg: function not present
Error in pixReadStream: jpeg: no pix returned
Error in pixRead: pix not read
Error in findTiffCompression: function not present
Error in pixReadStreamTiff: function not present
Error in pixReadStream: tiff: no pix returned
Error in pixRead: pix not read
Error in pixGetDepth: pix not defined
Error in pixGetDepth: pix not defined
Error in pixBlend: pixs1 not defined
Error in pixBlend: pixs1 not defined
Error in pixBlend: pixs1 not defined
Error in pixBlend: pixs1 not defined
Error in pixBlend: pixs1 not defined
Error in pixBlend: pixs1 not defined
Error in pixaAddPix: pix not defined
Error in pixBlendGray: pixs1 not defined
Error in pixBlendGray: pixs1 not defined
Error in pixBlendGray: pixs1 not defined
Error in pixBlendGray: pixs1 not defined
Error in pixaAddPix: pix not defined
Error in pixBlendGray: pixs1 not defined
Error in pixBlendGray: pixs1 not defined
Error in pixBlendGray: pixs1 not defined
Error in pixBlendGray: pixs1 not defined
Error in pixaAddPix: pix not defined
Error in pixBlendGrayInverse: pixs1 not defined
Error in pixBlendGrayInverse: pixs1 not defined
Error in pixBlendGrayInverse: pixs1 not defined
Error in pixBlendGrayInverse: pixs1 not defined
Error in pixaAddPix: pix not defined
Error in pixBlendGrayAdapt: pixs1 not defined
Error in pixBlendGrayAdapt: pixs1 not defined
Error in pixBlendGrayAdapt: pixs1 not defined
Error in pixBlendGrayAdapt: pixs1 not defined
Error in pixaAddPix: pix not defined
Error in pixBlendColor: pixs1 not defined
Error in pixBlendColor: pixs1 not defined
Error in pixBlendColor: pixs1 not defined
Error in pixBlendColor: pixs1 not defined
Error in pixaAddPix: pix not defined
Error in pixBlendColorByChannel: pixs1 not defined
Error in pixBlendColorByChannel: pixs1 not defined
Error in pixBlendColorByChannel: pixs1 not defined
Error in pixBlendColorByChannel: pixs1 not defined
Error in pixaAddPix: pix not defined
Error in pixaDisplayTiledInRows: no components
Error in pixaAddPix: pix not defined
Error in regTestWritePixAndCheck: pix not defined
Error in pixReadStreamJpeg: function not present
Error in pixReadStream: jpeg: no pix returned
Error in pixRead: pix not read
Error in pixGetDepth: pix not defined
Error in pixBlend: pixs1 not defined
Error in pixBlend: pixs1 not defined
Error in pixBlend: pixs1 not defined
Error in pixBlend: pixs1 not defined
Error in pixBlend: pixs1 not defined
Error in pixBlend: pixs1 not defined
Error in pixaAddPix: pix not defined
Error in pixBlendGray: pixs1 not defined
Error in pixBlendGray: pixs1 not defined
Error in pixBlendGray: pixs1 not defined
Error in pixBlendGray: pixs1 not defined
Error in pixaAddPix: pix not defined
Error in pixBlendGray: pixs1 not defined
Error in pixBlendGray: pixs1 not defined
Error in pixBlendGray: pixs1 not defined
Error in pixBlendGray: pixs1 not defined
Error in pixaAddPix: pix not defined
Error in pixBlendGrayInverse: pixs1 not defined
Error in pixBlendGrayInverse: pixs1 not defined
Error in pixBlendGrayInverse: pixs1 not defined
Error in pixBlendGrayInverse: pixs1 not defined
Error in pixaAddPix: pix not defined
Error in pixBlendGrayAdapt: pixs1 not defined
Error in pixBlendGrayAdapt: pixs1 not defined
Error in pixBlendGrayAdapt: pixs1 not defined
Error in pixBlendGrayAdapt: pixs1 not defined
Error in pixaAddPix: pix not defined
Error in pixBlendColor: pixs1 not defined
Error in pixBlendColor: pixs1 not defined
Error in pixBlendColor: pixs1 not defined
Error in pixBlendColor: pixs1 not defined
Error in pixaAddPix: pix not defined
Error in pixBlendColorByChannel: pixs1 not defined
Error in pixBlendColorByChannel: pixs1 not defined
Error in pixBlendColorByChannel: pixs1 not defined
Error in pixBlendColorByChannel: pixs1 not defined
Error in pixaAddPix: pix not defined
Error in pixaDisplayTiledInRows: no components
Error in pixaAddPix: pix not defined
Error in regTestWritePixAndCheck: pix not defined
Error in pixReadStreamJpeg: function not present
Error in pixReadStream: jpeg: no pix returned
Error in pixRead: pix not read
Error in pixGetDepth: pix not defined
Error in pixBlend: pixs1 not defined
Error in pixBlend: pixs1 not defined
Error in pixBlend: pixs1 not defined
Error in pixBlend: pixs1 not defined
Error in pixBlend: pixs1 not defined
Error in pixBlend: pixs1 not defined
Error in pixaAddPix: pix not defined
Error in pixBlendGray: pixs1 not defined
Error in pixBlendGray: pixs1 not defined
Error in pixBlendGray: pixs1 not defined
Error in pixBlendGray: pixs1 not defined
Error in pixaAddPix: pix not defined
Error in pixBlendGray: pixs1 not defined
Error in pixBlendGray: pixs1 not defined
Error in pixBlendGray: pixs1 not defined
Error in pixBlendGray: pixs1 not defined
Error in pixaAddPix: pix not defined
Error in pixBlendGrayInverse: pixs1 not defined
Error in pixBlendGrayInverse: pixs1 not defined
Error in pixBlendGrayInverse: pixs1 not defined
Error in pixBlendGrayInverse: pixs1 not defined
Error in pixaAddPix: pix not defined
Error in pixBlendGrayAdapt: pixs1 not defined
Error in pixBlendGrayAdapt: pixs1 not defined
Error in pixBlendGrayAdapt: pixs1 not defined
Error in pixBlendGrayAdapt: pixs1 not defined
Error in pixaAddPix: pix not defined
Error in pixBlendColor: pixs1 not defined
Error in pixBlendColor: pixs1 not defined
Error in pixBlendColor: pixs1 not defined
Error in pixBlendColor: pixs1 not defined
Error in pixaAddPix: pix not defined
Error in pixBlendColorByChannel: pixs1 not defined
Error in pixBlendColorByChannel: pixs1 not defined
Error in pixBlendColorByChannel: pixs1 not defined
Error in pixBlendColorByChannel: pixs1 not defined
Error in pixaAddPix: pix not defined
Error in pixaDisplayTiledInRows: no components
Error in pixaAddPix: pix not defined
Error in regTestWritePixAndCheck: pix not defined
Error in pixaDisplayTiledInRows: no components
Error in pixWrite: pix not defined
Time:   0.002 sec
FAIL blend3_reg (exit status: 1)
