
////////////////////////////////////////////////
////////////////   cmapquant_reg   ///////////////
////////////////////////////////////////////////
leptonica-1.78.0 : libpng 1.6.34 : zlib 1.2.11
Error in pixReadStreamJpeg: function not present
Error in pixReadStream: jpeg: no pix returned
Error in pixRead: pix not read
Error in pixThresholdTo4bpp: pixs not defined
Error in pixColorGray: pixs not defined
Error in regTestWritePixAndCheck: pix not defined
Error in pixScale: pixs not defined
Error in regTestWritePixAndCheck: pix not defined
Error in pixGetColormap: pix not defined
Error in pixOctcubeQuantFromCmap: pixs not defined
Time to re-quantize to cmap =   0.000 sec
Error in regTestWritePixAndCheck: pix not defined
Error in pixConvertTo32: pixs not defined
Error in pixMedianCutQuantGeneral: pixs undefined or not 32 bpp
Error in regTestWritePixAndCheck: pix not defined
Error in pixFewColorsMedianCutQuantMixed: pixs undefined or not 32 bpp
Error in regTestWritePixAndCheck: pix not defined
Error in pixOctcubeQuantMixedWithGray: pixs not defined
Time to re-quantize mixed =   0.000 sec
Error in regTestWritePixAndCheck: pix not defined
Error in pixFixedOctcubeQuant256: pixs not defined
Time to re-quantize 256 =   0.000 sec
Error in regTestWritePixAndCheck: pix not defined
Error in pixCopy: pixs not defined
Error in pixRemoveUnusedColors: pixs not defined
Time to remove unused colors =   0.000 sec
Error in regTestWritePixAndCheck: pix not defined
Error in regTestComparePix: pix1 and pix2 not both defined
Time:   0.000 sec

////////////////////////////////////////////////
////////////////   cmapquant_reg   ///////////////
////////////////////////////////////////////////
leptonica-1.78.0 : libpng 1.6.34 : zlib 1.2.11
Error in pixReadStreamJpeg: function not present
Error in pixReadStream: jpeg: no pix returned
Error in pixRead: pix not read
Error in pixThresholdTo4bpp: pixs not defined
Error in pixColorGray: pixs not defined
Error in regTestWritePixAndCheck: pix not defined
Error in pixScale: pixs not defined
Error in regTestWritePixAndCheck: pix not defined
Error in pixGetColormap: pix not defined
Error in pixOctcubeQuantFromCmap: pixs not defined
Time to re-quantize to cmap =   0.000 sec
Error in regTestWritePixAndCheck: pix not defined
Error in pixConvertTo32: pixs not defined
Error in pixMedianCutQuantGeneral: pixs undefined or not 32 bpp
Error in regTestWritePixAndCheck: pix not defined
Error in pixFewColorsMedianCutQuantMixed: pixs undefined or not 32 bpp
Error in regTestWritePixAndCheck: pix not defined
Error in pixOctcubeQuantMixedWithGray: pixs not defined
Time to re-quantize mixed =   0.000 sec
Error in regTestWritePixAndCheck: pix not defined
Error in pixFixedOctcubeQuant256: pixs not defined
Time to re-quantize 256 =   0.000 sec
Error in regTestWritePixAndCheck: pix not defined
Error in pixCopy: pixs not defined
Error in pixRemoveUnusedColors: pixs not defined
Time to remove unused colors =   0.000 sec
Error in regTestWritePixAndCheck: pix not defined
Error in regTestComparePix: pix1 and pix2 not both defined
Time:   0.000 sec
FAIL cmapquant_reg (exit status: 1)
