
////////////////////////////////////////////////
////////////////   distance_reg   ///////////////
////////////////////////////////////////////////
leptonica-1.78.0 : libpng 1.6.34 : zlib 1.2.11
Error in findTiffCompression: function not present
Error in pixReadStreamTiff: function not present
Error in pixReadStream: tiff: no pix returned
Error in pixRead: pix not read
Error in pixClipRectangle: pixs not defined
Error in regTestWritePixAndCheck: pix not defined
Set 0
Error in pixSaveTiledOutline: pixs not defined
Error in pixInvert: pixs not defined
Error in pixDistanceFunction: !pixs or pixs not 1 bpp
Error in regTestWritePixAndCheck: pix not defined
Error in pixSaveTiledOutline: pixs not defined
Error in pixInvert: pixs not defined
Error in pixMaxDynamicRange: pixs not defined
Error in regTestWritePixAndCheck: pix not defined
Error in pixSaveTiledOutline: pixs not defined
Error in pixInvert: pixs not defined
Error in pixDistanceFunction: !pixs or pixs not 1 bpp
Error in regTestWritePixAndCheck: pix not defined
Error in pixSaveTiledOutline: pixs not defined
Error in pixInvert: pixs not defined
Error in pixRenderContours: pixs not defined
Error in regTestWritePixAndCheck: pix not defined
Error in pixSaveTiledOutline: pixs not defined
Error in pixRenderContours: pixs not defined
Error in pixMaxDynamicRange: pixs not defined
Error in regTestWritePixAndCheck: pix not defined
Error in pixSaveTiledOutline: pixs not defined
Error in pixMaxDynamicRange: pixs not defined
Error in regTestWritePixAndCheck: pix not defined
Error in pixSaveTiledOutline: pixs not defined
Error in pixDistanceFunction: !pixs or pixs not 1 bpp
Error in pixMaxDynamicRange: pixs not defined
Error in regTestWritePixAndCheck: pix not defined
Error in pixSaveTiledOutline: pixs not defined
Error in pixCreateTemplate: pixs not defined
Error in pixSetMasked: pixd not defined
Error in regTestWritePixAndCheck: pix not defined
Error in pixSaveTiledOutline: pixs not defined
Error in pixSeedfillGray: pixs not defined or not 8 bpp
Error in pixMaxDynamicRange: pixs not defined
Error in regTestWritePixAndCheck: pix not defined
Error in pixSaveTiledOutline: pixs not defined
Error in pixaDisplay: no components; no size
Set 1
Error in pixSaveTiledOutline: pixs not defined
Error in pixInvert: pixs not defined
Error in pixDistanceFunction: !pixs or pixs not 1 bpp
Error in regTestWritePixAndCheck: pix not defined
Error in pixSaveTiledOutline: pixs not defined
Error in pixInvert: pixs not defined
Error in pixMaxDynamicRange: pixs not defined
Error in regTestWritePixAndCheck: pix not defined
Error in pixSaveTiledOutline: pixs not defined
Error in pixInvert: pixs not defined
Error in pixDistanceFunction: !pixs or pixs not 1 bpp
Error in regTestWritePixAndCheck: pix not defined
Error in pixSaveTiledOutline: pixs not defined
Error in pixInvert: pixs not defined
Error in pixRenderContours: pixs not defined
Error in regTestWritePixAndCheck: pix not defined
Error in pixSaveTiledOutline: pixs not defined
Error in pixRenderContours: pixs not defined
Error in pixMaxDynamicRange: pixs not defined
Error in regTestWritePixAndCheck: pix not defined
Error in pixSaveTiledOutline: pixs not defined
Error in pixMaxDynamicRange: pixs not defined
Error in regTestWritePixAndCheck: pix not defined
Error in pixSaveTiledOutline: pixs not defined
Error in pixDistanceFunction: !pixs or pixs not 1 bpp
Error in pixMaxDynamicRange: pixs not defined
Error in regTestWritePixAndCheck: pix not defined
Error in pixSaveTiledOutline: pixs not defined
Error in pixCreateTemplate: pixs not defined
Error in pixSetMasked: pixd not defined
Error in regTestWritePixAndCheck: pix not defined
Error in pixSaveTiledOutline: pixs not defined
Error in pixSeedfillGray: pixs not defined or not 8 bpp
Error in pixMaxDynamicRange: pixs not defined
Error in regTestWritePixAndCheck: pix not defined
Error in pixSaveTiledOutline: pixs not defined
Error in pixaDisplay: no components; no size
Set 2
Error in pixSaveTiledOutline: pixs not defined
Error in pixInvert: pixs not defined
Error in pixDistanceFunction: !pixs or pixs not 1 bpp
Error in regTestWritePixAndCheck: pix not defined
Error in pixSaveTiledOutline: pixs not defined
Error in pixInvert: pixs not defined
Error in pixMaxDynamicRange: pixs not defined
Error in regTestWritePixAndCheck: pix not defined
Error in pixSaveTiledOutline: pixs not defined
Error in pixInvert: pixs not defined
Error in pixDistanceFunction: !pixs or pixs not 1 bpp
Error in regTestWritePixAndCheck: pix not defined
Error in pixSaveTiledOutline: pixs not defined
Error in pixInvert: pixs not defined
Error in pixRenderContours: pixs not defined
Error in regTestWritePixAndCheck: pix not defined
Error in pixSaveTiledOutline: pixs not defined
Error in pixRenderContours: pixs not defined
Error in pixMaxDynamicRange: pixs not defined
Error in regTestWritePixAndCheck: pix not defined
Error in pixSaveTiledOutline: pixs not defined
Error in pixMaxDynamicRange: pixs not defined
Error in regTestWritePixAndCheck: pix not defined
Error in pixSaveTiledOutline: pixs not defined
Error in pixaDisplay: no components; no size
Set 3
Error in pixSaveTiledOutline: pixs not defined
Error in pixInvert: pixs not defined
Error in pixDistanceFunction: !pixs or pixs not 1 bpp
Error in regTestWritePixAndCheck: pix not defined
Error in pixSaveTiledOutline: pixs not defined
Error in pixInvert: pixs not defined
Error in pixMaxDynamicRange: pixs not defined
Error in regTestWritePixAndCheck: pix not defined
Error in pixSaveTiledOutline: pixs not defined
Error in pixInvert: pixs not defined
Error in pixDistanceFunction: !pixs or pixs not 1 bpp
Error in regTestWritePixAndCheck: pix not defined
Error in pixSaveTiledOutline: pixs not defined
Error in pixInvert: pixs not defined
Error in pixRenderContours: pixs not defined
Error in regTestWritePixAndCheck: pix not defined
Error in pixSaveTiledOutline: pixs not defined
Error in pixRenderContours: pixs not defined
Error in pixMaxDynamicRange: pixs not defined
Error in regTestWritePixAndCheck: pix not defined
Error in pixSaveTiledOutline: pixs not defined
Error in pixMaxDynamicRange: pixs not defined
Error in regTestWritePixAndCheck: pix not defined
Error in pixSaveTiledOutline: pixs not defined
Error in pixaDisplay: no components; no size
Set 4
Error in pixSaveTiledOutline: pixs not defined
Error in pixInvert: pixs not defined
Error in pixDistanceFunction: !pixs or pixs not 1 bpp
Error in regTestWritePixAndCheck: pix not defined
Error in pixSaveTiledOutline: pixs not defined
Error in pixInvert: pixs not defined
Error in pixMaxDynamicRange: pixs not defined
Error in regTestWritePixAndCheck: pix not defined
Error in pixSaveTiledOutline: pixs not defined
Error in pixInvert: pixs not defined
Error in pixDistanceFunction: !pixs or pixs not 1 bpp
Error in regTestWritePixAndCheck: pix not defined
Error in pixSaveTiledOutline: pixs not defined
Error in pixInvert: pixs not defined
Error in pixRenderContours: pixs not defined
Error in regTestWritePixAndCheck: pix not defined
Error in pixSaveTiledOutline: pixs not defined
Error in pixRenderContours: pixs not defined
Error in pixMaxDynamicRange: pixs not defined
Error in regTestWritePixAndCheck: pix not defined
Error in pixSaveTiledOutline: pixs not defined
Error in pixMaxDynamicRange: pixs not defined
Error in regTestWritePixAndCheck: pix not defined
Error in pixSaveTiledOutline: pixs not defined
Error in pixDistanceFunction: !pixs or pixs not 1 bpp
Error in pixMaxDynamicRange: pixs not defined
Error in regTestWritePixAndCheck: pix not defined
Error in pixSaveTiledOutline: pixs not defined
Error in pixCreateTemplate: pixs not defined
Error in pixSetMasked: pixd not defined
Error in regTestWritePixAndCheck: pix not defined
Error in pixSaveTiledOutline: pixs not defined
Error in pixSeedfillGray: pixs not defined or not 8 bpp
Error in pixMaxDynamicRange: pixs not defined
Error in regTestWritePixAndCheck: pix not defined
Error in pixSaveTiledOutline: pixs not defined
Error in pixaDisplay: no components; no size
Set 5
Error in pixSaveTiledOutline: pixs not defined
Error in pixInvert: pixs not defined
Error in pixDistanceFunction: !pixs or pixs not 1 bpp
Error in regTestWritePixAndCheck: pix not defined
Error in pixSaveTiledOutline: pixs not defined
Error in pixInvert: pixs not defined
Error in pixMaxDynamicRange: pixs not defined
Error in regTestWritePixAndCheck: pix not defined
Error in pixSaveTiledOutline: pixs not defined
Error in pixInvert: pixs not defined
Error in pixDistanceFunction: !pixs or pixs not 1 bpp
Error in regTestWritePixAndCheck: pix not defined
Error in pixSaveTiledOutline: pixs not defined
Error in pixInvert: pixs not defined
Error in pixRenderContours: pixs not defined
Error in regTestWritePixAndCheck: pix not defined
Error in pixSaveTiledOutline: pixs not defined
Error in pixRenderContours: pixs not defined
Error in pixMaxDynamicRange: pixs not defined
Error in regTestWritePixAndCheck: pix not defined
Error in pixSaveTiledOutline: pixs not defined
Error in pixMaxDynamicRange: pixs not defined
Error in regTestWritePixAndCheck: pix not defined
Error in pixSaveTiledOutline: pixs not defined
Error in pixDistanceFunction: !pixs or pixs not 1 bpp
Error in pixMaxDynamicRange: pixs not defined
Error in regTestWritePixAndCheck: pix not defined
Error in pixSaveTiledOutline: pixs not defined
Error in pixCreateTemplate: pixs not defined
Error in pixSetMasked: pixd not defined
Error in regTestWritePixAndCheck: pix not defined
Error in pixSaveTiledOutline: pixs not defined
Error in pixSeedfillGray: pixs not defined or not 8 bpp
Error in pixMaxDynamicRange: pixs not defined
Error in regTestWritePixAndCheck: pix not defined
Error in pixSaveTiledOutline: pixs not defined
Error in pixaDisplay: no components; no size
Set 6
Error in pixSaveTiledOutline: pixs not defined
Error in pixInvert: pixs not defined
Error in pixDistanceFunction: !pixs or pixs not 1 bpp
Error in regTestWritePixAndCheck: pix not defined
Error in pixSaveTiledOutline: pixs not defined
Error in pixInvert: pixs not defined
Error in pixMaxDynamicRange: pixs not defined
Error in regTestWritePixAndCheck: pix not defined
Error in pixSaveTiledOutline: pixs not defined
Error in pixInvert: pixs not defined
Error in pixDistanceFunction: !pixs or pixs not 1 bpp
Error in regTestWritePixAndCheck: pix not defined
Error in pixSaveTiledOutline: pixs not defined
Error in pixInvert: pixs not defined
Error in pixRenderContours: pixs not defined
Error in regTestWritePixAndCheck: pix not defined
Error in pixSaveTiledOutline: pixs not defined
Error in pixRenderContours: pixs not defined
Error in pixMaxDynamicRange: pixs not defined
Error in regTestWritePixAndCheck: pix not defined
Error in pixSaveTiledOutline: pixs not defined
Error in pixMaxDynamicRange: pixs not defined
Error in regTestWritePixAndCheck: pix not defined
Error in pixSaveTiledOutline: pixs not defined
Error in pixaDisplay: no components; no size
Set 7
Error in pixSaveTiledOutline: pixs not defined
Error in pixInvert: pixs not defined
Error in pixDistanceFunction: !pixs or pixs not 1 bpp
Error in regTestWritePixAndCheck: pix not defined
Error in pixSaveTiledOutline: pixs not defined
Error in pixInvert: pixs not defined
Error in pixMaxDynamicRange: pixs not defined
Error in regTestWritePixAndCheck: pix not defined
Error in pixSaveTiledOutline: pixs not defined
Error in pixInvert: pixs not defined
Error in pixDistanceFunction: !pixs or pixs not 1 bpp
Error in regTestWritePixAndCheck: pix not defined
Error in pixSaveTiledOutline: pixs not defined
Error in pixInvert: pixs not defined
Error in pixRenderContours: pixs not defined
Error in regTestWritePixAndCheck: pix not defined
Error in pixSaveTiledOutline: pixs not defined
Error in pixRenderContours: pixs not defined
Error in pixMaxDynamicRange: pixs not defined
Error in regTestWritePixAndCheck: pix not defined
Error in pixSaveTiledOutline: pixs not defined
Error in pixMaxDynamicRange: pixs not defined
Error in regTestWritePixAndCheck: pix not defined
Error in pixSaveTiledOutline: pixs not defined
Error in pixaDisplay: no components; no size
Time:   0.001 sec

////////////////////////////////////////////////
////////////////   distance_reg   ///////////////
////////////////////////////////////////////////
leptonica-1.78.0 : libpng 1.6.34 : zlib 1.2.11
Error in findTiffCompression: function not present
Error in pixReadStreamTiff: function not present
Error in pixReadStream: tiff: no pix returned
Error in pixRead: pix not read
Error in pixClipRectangle: pixs not defined
Error in regTestWritePixAndCheck: pix not defined
Set 0
Error in pixSaveTiledOutline: pixs not defined
Error in pixInvert: pixs not defined
Error in pixDistanceFunction: !pixs or pixs not 1 bpp
Error in regTestWritePixAndCheck: pix not defined
Error in pixSaveTiledOutline: pixs not defined
Error in pixInvert: pixs not defined
Error in pixMaxDynamicRange: pixs not defined
Error in regTestWritePixAndCheck: pix not defined
Error in pixSaveTiledOutline: pixs not defined
Error in pixInvert: pixs not defined
Error in pixDistanceFunction: !pixs or pixs not 1 bpp
Error in regTestWritePixAndCheck: pix not defined
Error in pixSaveTiledOutline: pixs not defined
Error in pixInvert: pixs not defined
Error in pixRenderContours: pixs not defined
Error in regTestWritePixAndCheck: pix not defined
Error in pixSaveTiledOutline: pixs not defined
Error in pixRenderContours: pixs not defined
Error in pixMaxDynamicRange: pixs not defined
Error in regTestWritePixAndCheck: pix not defined
Error in pixSaveTiledOutline: pixs not defined
Error in pixMaxDynamicRange: pixs not defined
Error in regTestWritePixAndCheck: pix not defined
Error in pixSaveTiledOutline: pixs not defined
Error in pixDistanceFunction: !pixs or pixs not 1 bpp
Error in pixMaxDynamicRange: pixs not defined
Error in regTestWritePixAndCheck: pix not defined
Error in pixSaveTiledOutline: pixs not defined
Error in pixCreateTemplate: pixs not defined
Error in pixSetMasked: pixd not defined
Error in regTestWritePixAndCheck: pix not defined
Error in pixSaveTiledOutline: pixs not defined
Error in pixSeedfillGray: pixs not defined or not 8 bpp
Error in pixMaxDynamicRange: pixs not defined
Error in regTestWritePixAndCheck: pix not defined
Error in pixSaveTiledOutline: pixs not defined
Error in pixaDisplay: no components; no size
Set 1
Error in pixSaveTiledOutline: pixs not defined
Error in pixInvert: pixs not defined
Error in pixDistanceFunction: !pixs or pixs not 1 bpp
Error in regTestWritePixAndCheck: pix not defined
Error in pixSaveTiledOutline: pixs not defined
Error in pixInvert: pixs not defined
Error in pixMaxDynamicRange: pixs not defined
Error in regTestWritePixAndCheck: pix not defined
Error in pixSaveTiledOutline: pixs not defined
Error in pixInvert: pixs not defined
Error in pixDistanceFunction: !pixs or pixs not 1 bpp
Error in regTestWritePixAndCheck: pix not defined
Error in pixSaveTiledOutline: pixs not defined
Error in pixInvert: pixs not defined
Error in pixRenderContours: pixs not defined
Error in regTestWritePixAndCheck: pix not defined
Error in pixSaveTiledOutline: pixs not defined
Error in pixRenderContours: pixs not defined
Error in pixMaxDynamicRange: pixs not defined
Error in regTestWritePixAndCheck: pix not defined
Error in pixSaveTiledOutline: pixs not defined
Error in pixMaxDynamicRange: pixs not defined
Error in regTestWritePixAndCheck: pix not defined
Error in pixSaveTiledOutline: pixs not defined
Error in pixDistanceFunction: !pixs or pixs not 1 bpp
Error in pixMaxDynamicRange: pixs not defined
Error in regTestWritePixAndCheck: pix not defined
Error in pixSaveTiledOutline: pixs not defined
Error in pixCreateTemplate: pixs not defined
Error in pixSetMasked: pixd not defined
Error in regTestWritePixAndCheck: pix not defined
Error in pixSaveTiledOutline: pixs not defined
Error in pixSeedfillGray: pixs not defined or not 8 bpp
Error in pixMaxDynamicRange: pixs not defined
Error in regTestWritePixAndCheck: pix not defined
Error in pixSaveTiledOutline: pixs not defined
Error in pixaDisplay: no components; no size
Set 2
Error in pixSaveTiledOutline: pixs not defined
Error in pixInvert: pixs not defined
Error in pixDistanceFunction: !pixs or pixs not 1 bpp
Error in regTestWritePixAndCheck: pix not defined
Error in pixSaveTiledOutline: pixs not defined
Error in pixInvert: pixs not defined
Error in pixMaxDynamicRange: pixs not defined
Error in regTestWritePixAndCheck: pix not defined
Error in pixSaveTiledOutline: pixs not defined
Error in pixInvert: pixs not defined
Error in pixDistanceFunction: !pixs or pixs not 1 bpp
Error in regTestWritePixAndCheck: pix not defined
Error in pixSaveTiledOutline: pixs not defined
Error in pixInvert: pixs not defined
Error in pixRenderContours: pixs not defined
Error in regTestWritePixAndCheck: pix not defined
Error in pixSaveTiledOutline: pixs not defined
Error in pixRenderContours: pixs not defined
Error in pixMaxDynamicRange: pixs not defined
Error in regTestWritePixAndCheck: pix not defined
Error in pixSaveTiledOutline: pixs not defined
Error in pixMaxDynamicRange: pixs not defined
Error in regTestWritePixAndCheck: pix not defined
Error in pixSaveTiledOutline: pixs not defined
Error in pixaDisplay: no components; no size
Set 3
Error in pixSaveTiledOutline: pixs not defined
Error in pixInvert: pixs not defined
Error in pixDistanceFunction: !pixs or pixs not 1 bpp
Error in regTestWritePixAndCheck: pix not defined
Error in pixSaveTiledOutline: pixs not defined
Error in pixInvert: pixs not defined
Error in pixMaxDynamicRange: pixs not defined
Error in regTestWritePixAndCheck: pix not defined
Error in pixSaveTiledOutline: pixs not defined
Error in pixInvert: pixs not defined
Error in pixDistanceFunction: !pixs or pixs not 1 bpp
Error in regTestWritePixAndCheck: pix not defined
Error in pixSaveTiledOutline: pixs not defined
Error in pixInvert: pixs not defined
Error in pixRenderContours: pixs not defined
Error in regTestWritePixAndCheck: pix not defined
Error in pixSaveTiledOutline: pixs not defined
Error in pixRenderContours: pixs not defined
Error in pixMaxDynamicRange: pixs not defined
Error in regTestWritePixAndCheck: pix not defined
Error in pixSaveTiledOutline: pixs not defined
Error in pixMaxDynamicRange: pixs not defined
Error in regTestWritePixAndCheck: pix not defined
Error in pixSaveTiledOutline: pixs not defined
Error in pixaDisplay: no components; no size
Set 4
Error in pixSaveTiledOutline: pixs not defined
Error in pixInvert: pixs not defined
Error in pixDistanceFunction: !pixs or pixs not 1 bpp
Error in regTestWritePixAndCheck: pix not defined
Error in pixSaveTiledOutline: pixs not defined
Error in pixInvert: pixs not defined
Error in pixMaxDynamicRange: pixs not defined
Error in regTestWritePixAndCheck: pix not defined
Error in pixSaveTiledOutline: pixs not defined
Error in pixInvert: pixs not defined
Error in pixDistanceFunction: !pixs or pixs not 1 bpp
Error in regTestWritePixAndCheck: pix not defined
Error in pixSaveTiledOutline: pixs not defined
Error in pixInvert: pixs not defined
Error in pixRenderContours: pixs not defined
Error in regTestWritePixAndCheck: pix not defined
Error in pixSaveTiledOutline: pixs not defined
Error in pixRenderContours: pixs not defined
Error in pixMaxDynamicRange: pixs not defined
Error in regTestWritePixAndCheck: pix not defined
Error in pixSaveTiledOutline: pixs not defined
Error in pixMaxDynamicRange: pixs not defined
Error in regTestWritePixAndCheck: pix not defined
Error in pixSaveTiledOutline: pixs not defined
Error in pixDistanceFunction: !pixs or pixs not 1 bpp
Error in pixMaxDynamicRange: pixs not defined
Error in regTestWritePixAndCheck: pix not defined
Error in pixSaveTiledOutline: pixs not defined
Error in pixCreateTemplate: pixs not defined
Error in pixSetMasked: pixd not defined
Error in regTestWritePixAndCheck: pix not defined
Error in pixSaveTiledOutline: pixs not defined
Error in pixSeedfillGray: pixs not defined or not 8 bpp
Error in pixMaxDynamicRange: pixs not defined
Error in regTestWritePixAndCheck: pix not defined
Error in pixSaveTiledOutline: pixs not defined
Error in pixaDisplay: no components; no size
Set 5
Error in pixSaveTiledOutline: pixs not defined
Error in pixInvert: pixs not defined
Error in pixDistanceFunction: !pixs or pixs not 1 bpp
Error in regTestWritePixAndCheck: pix not defined
Error in pixSaveTiledOutline: pixs not defined
Error in pixInvert: pixs not defined
Error in pixMaxDynamicRange: pixs not defined
Error in regTestWritePixAndCheck: pix not defined
Error in pixSaveTiledOutline: pixs not defined
Error in pixInvert: pixs not defined
Error in pixDistanceFunction: !pixs or pixs not 1 bpp
Error in regTestWritePixAndCheck: pix not defined
Error in pixSaveTiledOutline: pixs not defined
Error in pixInvert: pixs not defined
Error in pixRenderContours: pixs not defined
Error in regTestWritePixAndCheck: pix not defined
Error in pixSaveTiledOutline: pixs not defined
Error in pixRenderContours: pixs not defined
Error in pixMaxDynamicRange: pixs not defined
Error in regTestWritePixAndCheck: pix not defined
Error in pixSaveTiledOutline: pixs not defined
Error in pixMaxDynamicRange: pixs not defined
Error in regTestWritePixAndCheck: pix not defined
Error in pixSaveTiledOutline: pixs not defined
Error in pixDistanceFunction: !pixs or pixs not 1 bpp
Error in pixMaxDynamicRange: pixs not defined
Error in regTestWritePixAndCheck: pix not defined
Error in pixSaveTiledOutline: pixs not defined
Error in pixCreateTemplate: pixs not defined
Error in pixSetMasked: pixd not defined
Error in regTestWritePixAndCheck: pix not defined
Error in pixSaveTiledOutline: pixs not defined
Error in pixSeedfillGray: pixs not defined or not 8 bpp
Error in pixMaxDynamicRange: pixs not defined
Error in regTestWritePixAndCheck: pix not defined
Error in pixSaveTiledOutline: pixs not defined
Error in pixaDisplay: no components; no size
Set 6
Error in pixSaveTiledOutline: pixs not defined
Error in pixInvert: pixs not defined
Error in pixDistanceFunction: !pixs or pixs not 1 bpp
Error in regTestWritePixAndCheck: pix not defined
Error in pixSaveTiledOutline: pixs not defined
Error in pixInvert: pixs not defined
Error in pixMaxDynamicRange: pixs not defined
Error in regTestWritePixAndCheck: pix not defined
Error in pixSaveTiledOutline: pixs not defined
Error in pixInvert: pixs not defined
Error in pixDistanceFunction: !pixs or pixs not 1 bpp
Error in regTestWritePixAndCheck: pix not defined
Error in pixSaveTiledOutline: pixs not defined
Error in pixInvert: pixs not defined
Error in pixRenderContours: pixs not defined
Error in regTestWritePixAndCheck: pix not defined
Error in pixSaveTiledOutline: pixs not defined
Error in pixRenderContours: pixs not defined
Error in pixMaxDynamicRange: pixs not defined
Error in regTestWritePixAndCheck: pix not defined
Error in pixSaveTiledOutline: pixs not defined
Error in pixMaxDynamicRange: pixs not defined
Error in regTestWritePixAndCheck: pix not defined
Error in pixSaveTiledOutline: pixs not defined
Error in pixaDisplay: no components; no size
Set 7
Error in pixSaveTiledOutline: pixs not defined
Error in pixInvert: pixs not defined
Error in pixDistanceFunction: !pixs or pixs not 1 bpp
Error in regTestWritePixAndCheck: pix not defined
Error in pixSaveTiledOutline: pixs not defined
Error in pixInvert: pixs not defined
Error in pixMaxDynamicRange: pixs not defined
Error in regTestWritePixAndCheck: pix not defined
Error in pixSaveTiledOutline: pixs not defined
Error in pixInvert: pixs not defined
Error in pixDistanceFunction: !pixs or pixs not 1 bpp
Error in regTestWritePixAndCheck: pix not defined
Error in pixSaveTiledOutline: pixs not defined
Error in pixInvert: pixs not defined
Error in pixRenderContours: pixs not defined
Error in regTestWritePixAndCheck: pix not defined
Error in pixSaveTiledOutline: pixs not defined
Error in pixRenderContours: pixs not defined
Error in pixMaxDynamicRange: pixs not defined
Error in regTestWritePixAndCheck: pix not defined
Error in pixSaveTiledOutline: pixs not defined
Error in pixMaxDynamicRange: pixs not defined
Error in regTestWritePixAndCheck: pix not defined
Error in pixSaveTiledOutline: pixs not defined
Error in pixaDisplay: no components; no size
Time:   0.001 sec
FAIL distance_reg (exit status: 1)
