
////////////////////////////////////////////////
////////////////   dither_reg   ///////////////
////////////////////////////////////////////////
leptonica-1.78.0 : libpng 1.6.34 : zlib 1.2.11
Error in pixReadStreamJpeg: function not present
Error in pixReadStream: jpeg: no pix returned
Error in pixRead: pix not read
Error in pixGammaTRC: pixs not defined
Error in pixDitherToBinary: pixs not defined
Error in regTestWritePixAndCheck: pix not defined
Error in pixDitherTo2bpp: pixs not defined
Error in regTestWritePixAndCheck: pix not defined
Error in pixDitherTo2bpp: pixs not defined
Error in regTestWritePixAndCheck: pix not defined
Error in regTestComparePix: pix1 and pix2 not both defined
Error in pixScaleGray2xLIDither: pixs undefined, not 8 bpp, or cmapped
Error in regTestWritePixAndCheck: pix not defined
Error in pixScaleGray4xLIDither: pixs undefined, not 8 bpp, or cmapped
Error in regTestWritePixAndCheck: pix not defined
Time:   0.000 sec

////////////////////////////////////////////////
////////////////   dither_reg   ///////////////
////////////////////////////////////////////////
leptonica-1.78.0 : libpng 1.6.34 : zlib 1.2.11
Error in pixReadStreamJpeg: function not present
Error in pixReadStream: jpeg: no pix returned
Error in pixRead: pix not read
Error in pixGammaTRC: pixs not defined
Error in pixDitherToBinary: pixs not defined
Error in regTestWritePixAndCheck: pix not defined
Error in pixDitherTo2bpp: pixs not defined
Error in regTestWritePixAndCheck: pix not defined
Error in pixDitherTo2bpp: pixs not defined
Error in regTestWritePixAndCheck: pix not defined
Error in regTestComparePix: pix1 and pix2 not both defined
Error in pixScaleGray2xLIDither: pixs undefined, not 8 bpp, or cmapped
Error in regTestWritePixAndCheck: pix not defined
Error in pixScaleGray4xLIDither: pixs undefined, not 8 bpp, or cmapped
Error in regTestWritePixAndCheck: pix not defined
Time:   0.000 sec
FAIL dither_reg (exit status: 1)
