
////////////////////////////////////////////////
////////////////   edge_reg   ///////////////
////////////////////////////////////////////////
leptonica-1.78.0 : libpng 1.6.34 : zlib 1.2.11
Error in pixReadStreamJpeg: function not present
Error in pixReadStream: jpeg: no pix returned
Error in pixRead: pix not read
Error in pixSobelEdgeFilter: pixs not defined
Error in pixThresholdToBinary: pixs not defined
Error in pixInvert: pixs not defined
Error in pixSobelEdgeFilter: pixs not defined
Error in pixThresholdToBinary: pixs not defined
Error in pixInvert: pixs not defined
Error in pixSobelEdgeFilter: pixs not defined
Error in pixThresholdToBinary: pixs not defined
Error in pixInvert: pixs not defined
Error in pixSobelEdgeFilter: pixs not defined
Error in pixThresholdToBinary: pixs not defined
Error in pixInvert: pixs not defined
Error in pixSobelEdgeFilter: pixs not defined
Error in pixThresholdToBinary: pixs not defined
Error in pixInvert: pixs not defined
Error in pixSobelEdgeFilter: pixs not defined
Error in pixThresholdToBinary: pixs not defined
Error in pixInvert: pixs not defined
Error in pixSobelEdgeFilter: pixs not defined
Error in pixThresholdToBinary: pixs not defined
Error in pixInvert: pixs not defined
Error in pixSobelEdgeFilter: pixs not defined
Error in pixThresholdToBinary: pixs not defined
Error in pixInvert: pixs not defined
Error in pixSobelEdgeFilter: pixs not defined
Error in pixThresholdToBinary: pixs not defined
Error in pixInvert: pixs not defined
Error in pixSobelEdgeFilter: pixs not defined
Error in pixThresholdToBinary: pixs not defined
Error in pixInvert: pixs not defined
Error in pixSobelEdgeFilter: pixs not defined
Error in pixThresholdToBinary: pixs not defined
Error in pixInvert: pixs not defined
Error in pixSobelEdgeFilter: pixs not defined
Error in pixThresholdToBinary: pixs not defined
Error in pixInvert: pixs not defined
Error in pixSobelEdgeFilter: pixs not defined
Error in pixThresholdToBinary: pixs not defined
Error in pixInvert: pixs not defined
Error in pixSobelEdgeFilter: pixs not defined
Error in pixThresholdToBinary: pixs not defined
Error in pixInvert: pixs not defined
Error in pixSobelEdgeFilter: pixs not defined
Error in pixThresholdToBinary: pixs not defined
Error in pixInvert: pixs not defined
Error in pixSobelEdgeFilter: pixs not defined
Error in pixThresholdToBinary: pixs not defined
Error in pixInvert: pixs not defined
Error in pixSobelEdgeFilter: pixs not defined
Error in pixThresholdToBinary: pixs not defined
Error in pixInvert: pixs not defined
Error in pixSobelEdgeFilter: pixs not defined
Error in pixThresholdToBinary: pixs not defined
Error in pixInvert: pixs not defined
Error in pixSobelEdgeFilter: pixs not defined
Error in pixThresholdToBinary: pixs not defined
Error in pixInvert: pixs not defined
Error in pixSobelEdgeFilter: pixs not defined
Error in pixThresholdToBinary: pixs not defined
Error in pixInvert: pixs not defined
Error in pixSobelEdgeFilter: pixs not defined
Error in pixThresholdToBinary: pixs not defined
Error in pixInvert: pixs not defined
Error in pixSobelEdgeFilter: pixs not defined
Error in pixThresholdToBinary: pixs not defined
Error in pixInvert: pixs not defined
Error in pixSobelEdgeFilter: pixs not defined
Error in pixThresholdToBinary: pixs not defined
Error in pixInvert: pixs not defined
Error in pixSobelEdgeFilter: pixs not defined
Error in pixThresholdToBinary: pixs not defined
Error in pixInvert: pixs not defined
Error in pixSobelEdgeFilter: pixs not defined
Error in pixThresholdToBinary: pixs not defined
Error in pixInvert: pixs not defined
Error in pixSobelEdgeFilter: pixs not defined
Error in pixThresholdToBinary: pixs not defined
Error in pixInvert: pixs not defined
Error in pixSobelEdgeFilter: pixs not defined
Error in pixThresholdToBinary: pixs not defined
Error in pixInvert: pixs not defined
Error in pixSobelEdgeFilter: pixs not defined
Error in pixThresholdToBinary: pixs not defined
Error in pixInvert: pixs not defined
Error in pixSobelEdgeFilter: pixs not defined
Error in pixThresholdToBinary: pixs not defined
Error in pixInvert: pixs not defined
Error in pixSobelEdgeFilter: pixs not defined
Error in pixThresholdToBinary: pixs not defined
Error in pixInvert: pixs not defined
Error in pixSobelEdgeFilter: pixs not defined
Error in pixThresholdToBinary: pixs not defined
Error in pixInvert: pixs not defined
Error in pixSobelEdgeFilter: pixs not defined
Error in pixThresholdToBinary: pixs not defined
Error in pixInvert: pixs not defined
Error in pixSobelEdgeFilter: pixs not defined
Error in pixThresholdToBinary: pixs not defined
Error in pixInvert: pixs not defined
Error in pixSobelEdgeFilter: pixs not defined
Error in pixThresholdToBinary: pixs not defined
Error in pixInvert: pixs not defined
Error in pixSobelEdgeFilter: pixs not defined
Error in pixThresholdToBinary: pixs not defined
Error in pixInvert: pixs not defined
Error in pixSobelEdgeFilter: pixs not defined
Error in pixThresholdToBinary: pixs not defined
Error in pixInvert: pixs not defined
Error in pixSobelEdgeFilter: pixs not defined
Error in pixThresholdToBinary: pixs not defined
Error in pixInvert: pixs not defined
Error in pixSobelEdgeFilter: pixs not defined
Error in pixThresholdToBinary: pixs not defined
Error in pixInvert: pixs not defined
Error in pixSobelEdgeFilter: pixs not defined
Error in pixThresholdToBinary: pixs not defined
Error in pixInvert: pixs not defined
Error in pixSobelEdgeFilter: pixs not defined
Error in pixThresholdToBinary: pixs not defined
Error in pixInvert: pixs not defined
Error in pixSobelEdgeFilter: pixs not defined
Error in pixThresholdToBinary: pixs not defined
Error in pixInvert: pixs not defined
Error in pixSobelEdgeFilter: pixs not defined
Error in pixThresholdToBinary: pixs not defined
Error in pixInvert: pixs not defined
Error in pixSobelEdgeFilter: pixs not defined
Error in pixThresholdToBinary: pixs not defined
Error in pixInvert: pixs not defined
Error in pixSobelEdgeFilter: pixs not defined
Error in pixThresholdToBinary: pixs not defined
Error in pixInvert: pixs not defined
Error in pixSobelEdgeFilter: pixs not defined
Error in pixThresholdToBinary: pixs not defined
Error in pixInvert: pixs not defined
Error in pixSobelEdgeFilter: pixs not defined
Error in pixThresholdToBinary: pixs not defined
Error in pixInvert: pixs not defined
Error in pixSobelEdgeFilter: pixs not defined
Error in pixThresholdToBinary: pixs not defined
Error in pixInvert: pixs not defined
Error in pixSobelEdgeFilter: pixs not defined
Error in pixThresholdToBinary: pixs not defined
Error in pixInvert: pixs not defined
Error in pixSobelEdgeFilter: pixs not defined
Error in pixThresholdToBinary: pixs not defined
Error in pixInvert: pixs not defined
Error in pixSobelEdgeFilter: pixs not defined
Error in pixThresholdToBinary: pixs not defined
Error in pixInvert: pixs not defined
Error in pixSobelEdgeFilter: pixs not defined
Error in pixThresholdToBinary: pixs not defined
Error in pixInvert: pixs not defined
Error in pixSobelEdgeFilter: pixs not defined
Error in pixThresholdToBinary: pixs not defined
Error in pixInvert: pixs not defined
Error in pixSobelEdgeFilter: pixs not defined
Error in pixThresholdToBinary: pixs not defined
Error in pixInvert: pixs not defined
Error in pixSobelEdgeFilter: pixs not defined
Error in pixThresholdToBinary: pixs not defined
Error in pixInvert: pixs not defined
Error in pixSobelEdgeFilter: pixs not defined
Error in pixThresholdToBinary: pixs not defined
Error in pixInvert: pixs not defined
Error in pixSobelEdgeFilter: pixs not defined
Error in pixThresholdToBinary: pixs not defined
Error in pixInvert: pixs not defined
Error in pixSobelEdgeFilter: pixs not defined
Error in pixThresholdToBinary: pixs not defined
Error in pixInvert: pixs not defined
Error in pixSobelEdgeFilter: pixs not defined
Error in pixThresholdToBinary: pixs not defined
Error in pixInvert: pixs not defined
Error in pixSobelEdgeFilter: pixs not defined
Error in pixThresholdToBinary: pixs not defined
Error in pixInvert: pixs not defined
Error in pixSobelEdgeFilter: pixs not defined
Error in pixThresholdToBinary: pixs not defined
Error in pixInvert: pixs not defined
Error in pixSobelEdgeFilter: pixs not defined
Error in pixThresholdToBinary: pixs not defined
Error in pixInvert: pixs not defined
Error in pixSobelEdgeFilter: pixs not defined
Error in pixThresholdToBinary: pixs not defined
Error in pixInvert: pixs not defined
Error in pixSobelEdgeFilter: pixs not defined
Error in pixThresholdToBinary: pixs not defined
Error in pixInvert: pixs not defined
Error in pixSobelEdgeFilter: pixs not defined
Error in pixThresholdToBinary: pixs not defined
Error in pixInvert: pixs not defined
Error in pixSobelEdgeFilter: pixs not defined
Error in pixThresholdToBinary: pixs not defined
Error in pixInvert: pixs not defined
Error in pixSobelEdgeFilter: pixs not defined
Error in pixThresholdToBinary: pixs not defined
Error in pixInvert: pixs not defined
Error in pixSobelEdgeFilter: pixs not defined
Error in pixThresholdToBinary: pixs not defined
Error in pixInvert: pixs not defined
Error in pixSobelEdgeFilter: pixs not defined
Error in pixThresholdToBinary: pixs not defined
Error in pixInvert: pixs not defined
Error in pixSobelEdgeFilter: pixs not defined
Error in pixThresholdToBinary: pixs not defined
Error in pixInvert: pixs not defined
Error in pixSobelEdgeFilter: pixs not defined
Error in pixThresholdToBinary: pixs not defined
Error in pixInvert: pixs not defined
Error in pixSobelEdgeFilter: pixs not defined
Error in pixThresholdToBinary: pixs not defined
Error in pixInvert: pixs not defined
Error in pixSobelEdgeFilter: pixs not defined
Error in pixThresholdToBinary: pixs not defined
Error in pixInvert: pixs not defined
Error in pixSobelEdgeFilter: pixs not defined
Error in pixThresholdToBinary: pixs not defined
Error in pixInvert: pixs not defined
Error in pixSobelEdgeFilter: pixs not defined
Error in pixThresholdToBinary: pixs not defined
Error in pixInvert: pixs not defined
Error in pixSobelEdgeFilter: pixs not defined
Error in pixThresholdToBinary: pixs not defined
Error in pixInvert: pixs not defined
Error in pixSobelEdgeFilter: pixs not defined
Error in pixThresholdToBinary: pixs not defined
Error in pixInvert: pixs not defined
Error in pixSobelEdgeFilter: pixs not defined
Error in pixThresholdToBinary: pixs not defined
Error in pixInvert: pixs not defined
Error in pixSobelEdgeFilter: pixs not defined
Error in pixThresholdToBinary: pixs not defined
Error in pixInvert: pixs not defined
Error in pixSobelEdgeFilter: pixs not defined
Error in pixThresholdToBinary: pixs not defined
Error in pixInvert: pixs not defined
Error in pixSobelEdgeFilter: pixs not defined
Error in pixThresholdToBinary: pixs not defined
Error in pixInvert: pixs not defined
Error in pixSobelEdgeFilter: pixs not defined
Error in pixThresholdToBinary: pixs not defined
Error in pixInvert: pixs not defined
Error in pixSobelEdgeFilter: pixs not defined
Error in pixThresholdToBinary: pixs not defined
Error in pixInvert: pixs not defined
Error in pixSobelEdgeFilter: pixs not defined
Error in pixThresholdToBinary: pixs not defined
Error in pixInvert: pixs not defined
Error in pixSobelEdgeFilter: pixs not defined
Error in pixThresholdToBinary: pixs not defined
Error in pixInvert: pixs not defined
Error in pixSobelEdgeFilter: pixs not defined
Error in pixThresholdToBinary: pixs not defined
Error in pixInvert: pixs not defined
Error in pixSobelEdgeFilter: pixs not defined
Error in pixThresholdToBinary: pixs not defined
Error in pixInvert: pixs not defined
Error in pixSobelEdgeFilter: pixs not defined
Error in pixThresholdToBinary: pixs not defined
Error in pixInvert: pixs not defined
Error in pixSobelEdgeFilter: pixs not defined
Error in pixThresholdToBinary: pixs not defined
Error in pixInvert: pixs not defined
Error in pixSobelEdgeFilter: pixs not defined
Error in pixThresholdToBinary: pixs not defined
Error in pixInvert: pixs not defined
Error in pixSobelEdgeFilter: pixs not defined
Error in pixThresholdToBinary: pixs not defined
Error in pixInvert: pixs not defined
Error in pixSobelEdgeFilter: pixs not defined
Error in pixThresholdToBinary: pixs not defined
Error in pixInvert: pixs not defined
Error in pixSobelEdgeFilter: pixs not defined
Error in pixThresholdToBinary: pixs not defined
Error in pixInvert: pixs not defined
Error in pixSobelEdgeFilter: pixs not defined
Error in pixThresholdToBinary: pixs not defined
Error in pixInvert: pixs not defined
Error in pixSobelEdgeFilter: pixs not defined
Error in pixThresholdToBinary: pixs not defined
Error in pixInvert: pixs not defined
Error in pixSobelEdgeFilter: pixs not defined
Error in pixThresholdToBinary: pixs not defined
Error in pixInvert: pixs not defined
Error in pixSobelEdgeFilter: pixs not defined
Error in pixThresholdToBinary: pixs not defined
Error in pixInvert: pixs not defined
Error in pixSobelEdgeFilter: pixs not defined
Error in pixThresholdToBinary: pixs not defined
Error in pixInvert: pixs not defined
Error in pixSobelEdgeFilter: pixs not defined
Error in pixThresholdToBinary: pixs not defined
Error in pixInvert: pixs not defined
Error in pixSobelEdgeFilter: pixs not defined
Error in pixThresholdToBinary: pixs not defined
Error in pixInvert: pixs not defined
Error in pixSobelEdgeFilter: pixs not defined
Error in pixThresholdToBinary: pixs not defined
Error in pixInvert: pixs not defined
Error in pixGetDimensions: pix not defined
Sobel edge MPix/sec:   0.000
Error in pixSobelEdgeFilter: pixs not defined
Error in pixThresholdToBinary: pixs not defined
Error in pixInvert: pixs not defined
Error in regTestWritePixAndCheck: pix not defined
Error in pixSobelEdgeFilter: pixs not defined
Error in pixThresholdToBinary: pixs not defined
Error in pixInvert: pixs not defined
Error in regTestWritePixAndCheck: pix not defined
Error in pixOr: pixs1 not defined
Error in regTestWritePixAndCheck: pix not defined
Error in pixMinOrMax: pixs1 not defined
Error in pixInvert: pixs not defined
Error in regTestWritePixAndCheck: pix not defined
Time:   0.001 sec

////////////////////////////////////////////////
////////////////   edge_reg   ///////////////
////////////////////////////////////////////////
leptonica-1.78.0 : libpng 1.6.34 : zlib 1.2.11
Error in pixReadStreamJpeg: function not present
Error in pixReadStream: jpeg: no pix returned
Error in pixRead: pix not read
Error in pixSobelEdgeFilter: pixs not defined
Error in pixThresholdToBinary: pixs not defined
Error in pixInvert: pixs not defined
Error in pixSobelEdgeFilter: pixs not defined
Error in pixThresholdToBinary: pixs not defined
Error in pixInvert: pixs not defined
Error in pixSobelEdgeFilter: pixs not defined
Error in pixThresholdToBinary: pixs not defined
Error in pixInvert: pixs not defined
Error in pixSobelEdgeFilter: pixs not defined
Error in pixThresholdToBinary: pixs not defined
Error in pixInvert: pixs not defined
Error in pixSobelEdgeFilter: pixs not defined
Error in pixThresholdToBinary: pixs not defined
Error in pixInvert: pixs not defined
Error in pixSobelEdgeFilter: pixs not defined
Error in pixThresholdToBinary: pixs not defined
Error in pixInvert: pixs not defined
Error in pixSobelEdgeFilter: pixs not defined
Error in pixThresholdToBinary: pixs not defined
Error in pixInvert: pixs not defined
Error in pixSobelEdgeFilter: pixs not defined
Error in pixThresholdToBinary: pixs not defined
Error in pixInvert: pixs not defined
Error in pixSobelEdgeFilter: pixs not defined
Error in pixThresholdToBinary: pixs not defined
Error in pixInvert: pixs not defined
Error in pixSobelEdgeFilter: pixs not defined
Error in pixThresholdToBinary: pixs not defined
Error in pixInvert: pixs not defined
Error in pixSobelEdgeFilter: pixs not defined
Error in pixThresholdToBinary: pixs not defined
Error in pixInvert: pixs not defined
Error in pixSobelEdgeFilter: pixs not defined
Error in pixThresholdToBinary: pixs not defined
Error in pixInvert: pixs not defined
Error in pixSobelEdgeFilter: pixs not defined
Error in pixThresholdToBinary: pixs not defined
Error in pixInvert: pixs not defined
Error in pixSobelEdgeFilter: pixs not defined
Error in pixThresholdToBinary: pixs not defined
Error in pixInvert: pixs not defined
Error in pixSobelEdgeFilter: pixs not defined
Error in pixThresholdToBinary: pixs not defined
Error in pixInvert: pixs not defined
Error in pixSobelEdgeFilter: pixs not defined
Error in pixThresholdToBinary: pixs not defined
Error in pixInvert: pixs not defined
Error in pixSobelEdgeFilter: pixs not defined
Error in pixThresholdToBinary: pixs not defined
Error in pixInvert: pixs not defined
Error in pixSobelEdgeFilter: pixs not defined
Error in pixThresholdToBinary: pixs not defined
Error in pixInvert: pixs not defined
Error in pixSobelEdgeFilter: pixs not defined
Error in pixThresholdToBinary: pixs not defined
Error in pixInvert: pixs not defined
Error in pixSobelEdgeFilter: pixs not defined
Error in pixThresholdToBinary: pixs not defined
Error in pixInvert: pixs not defined
Error in pixSobelEdgeFilter: pixs not defined
Error in pixThresholdToBinary: pixs not defined
Error in pixInvert: pixs not defined
Error in pixSobelEdgeFilter: pixs not defined
Error in pixThresholdToBinary: pixs not defined
Error in pixInvert: pixs not defined
Error in pixSobelEdgeFilter: pixs not defined
Error in pixThresholdToBinary: pixs not defined
Error in pixInvert: pixs not defined
Error in pixSobelEdgeFilter: pixs not defined
Error in pixThresholdToBinary: pixs not defined
Error in pixInvert: pixs not defined
Error in pixSobelEdgeFilter: pixs not defined
Error in pixThresholdToBinary: pixs not defined
Error in pixInvert: pixs not defined
Error in pixSobelEdgeFilter: pixs not defined
Error in pixThresholdToBinary: pixs not defined
Error in pixInvert: pixs not defined
Error in pixSobelEdgeFilter: pixs not defined
Error in pixThresholdToBinary: pixs not defined
Error in pixInvert: pixs not defined
Error in pixSobelEdgeFilter: pixs not defined
Error in pixThresholdToBinary: pixs not defined
Error in pixInvert: pixs not defined
Error in pixSobelEdgeFilter: pixs not defined
Error in pixThresholdToBinary: pixs not defined
Error in pixInvert: pixs not defined
Error in pixSobelEdgeFilter: pixs not defined
Error in pixThresholdToBinary: pixs not defined
Error in pixInvert: pixs not defined
Error in pixSobelEdgeFilter: pixs not defined
Error in pixThresholdToBinary: pixs not defined
Error in pixInvert: pixs not defined
Error in pixSobelEdgeFilter: pixs not defined
Error in pixThresholdToBinary: pixs not defined
Error in pixInvert: pixs not defined
Error in pixSobelEdgeFilter: pixs not defined
Error in pixThresholdToBinary: pixs not defined
Error in pixInvert: pixs not defined
Error in pixSobelEdgeFilter: pixs not defined
Error in pixThresholdToBinary: pixs not defined
Error in pixInvert: pixs not defined
Error in pixSobelEdgeFilter: pixs not defined
Error in pixThresholdToBinary: pixs not defined
Error in pixInvert: pixs not defined
Error in pixSobelEdgeFilter: pixs not defined
Error in pixThresholdToBinary: pixs not defined
Error in pixInvert: pixs not defined
Error in pixSobelEdgeFilter: pixs not defined
Error in pixThresholdToBinary: pixs not defined
Error in pixInvert: pixs not defined
Error in pixSobelEdgeFilter: pixs not defined
Error in pixThresholdToBinary: pixs not defined
Error in pixInvert: pixs not defined
Error in pixSobelEdgeFilter: pixs not defined
Error in pixThresholdToBinary: pixs not defined
Error in pixInvert: pixs not defined
Error in pixSobelEdgeFilter: pixs not defined
Error in pixThresholdToBinary: pixs not defined
Error in pixInvert: pixs not defined
Error in pixSobelEdgeFilter: pixs not defined
Error in pixThresholdToBinary: pixs not defined
Error in pixInvert: pixs not defined
Error in pixSobelEdgeFilter: pixs not defined
Error in pixThresholdToBinary: pixs not defined
Error in pixInvert: pixs not defined
Error in pixSobelEdgeFilter: pixs not defined
Error in pixThresholdToBinary: pixs not defined
Error in pixInvert: pixs not defined
Error in pixSobelEdgeFilter: pixs not defined
Error in pixThresholdToBinary: pixs not defined
Error in pixInvert: pixs not defined
Error in pixSobelEdgeFilter: pixs not defined
Error in pixThresholdToBinary: pixs not defined
Error in pixInvert: pixs not defined
Error in pixSobelEdgeFilter: pixs not defined
Error in pixThresholdToBinary: pixs not defined
Error in pixInvert: pixs not defined
Error in pixSobelEdgeFilter: pixs not defined
Error in pixThresholdToBinary: pixs not defined
Error in pixInvert: pixs not defined
Error in pixSobelEdgeFilter: pixs not defined
Error in pixThresholdToBinary: pixs not defined
Error in pixInvert: pixs not defined
Error in pixSobelEdgeFilter: pixs not defined
Error in pixThresholdToBinary: pixs not defined
Error in pixInvert: pixs not defined
Error in pixSobelEdgeFilter: pixs not defined
Error in pixThresholdToBinary: pixs not defined
Error in pixInvert: pixs not defined
Error in pixSobelEdgeFilter: pixs not defined
Error in pixThresholdToBinary: pixs not defined
Error in pixInvert: pixs not defined
Error in pixSobelEdgeFilter: pixs not defined
Error in pixThresholdToBinary: pixs not defined
Error in pixInvert: pixs not defined
Error in pixSobelEdgeFilter: pixs not defined
Error in pixThresholdToBinary: pixs not defined
Error in pixInvert: pixs not defined
Error in pixSobelEdgeFilter: pixs not defined
Error in pixThresholdToBinary: pixs not defined
Error in pixInvert: pixs not defined
Error in pixSobelEdgeFilter: pixs not defined
Error in pixThresholdToBinary: pixs not defined
Error in pixInvert: pixs not defined
Error in pixSobelEdgeFilter: pixs not defined
Error in pixThresholdToBinary: pixs not defined
Error in pixInvert: pixs not defined
Error in pixSobelEdgeFilter: pixs not defined
Error in pixThresholdToBinary: pixs not defined
Error in pixInvert: pixs not defined
Error in pixSobelEdgeFilter: pixs not defined
Error in pixThresholdToBinary: pixs not defined
Error in pixInvert: pixs not defined
Error in pixSobelEdgeFilter: pixs not defined
Error in pixThresholdToBinary: pixs not defined
Error in pixInvert: pixs not defined
Error in pixSobelEdgeFilter: pixs not defined
Error in pixThresholdToBinary: pixs not defined
Error in pixInvert: pixs not defined
Error in pixSobelEdgeFilter: pixs not defined
Error in pixThresholdToBinary: pixs not defined
Error in pixInvert: pixs not defined
Error in pixSobelEdgeFilter: pixs not defined
Error in pixThresholdToBinary: pixs not defined
Error in pixInvert: pixs not defined
Error in pixSobelEdgeFilter: pixs not defined
Error in pixThresholdToBinary: pixs not defined
Error in pixInvert: pixs not defined
Error in pixSobelEdgeFilter: pixs not defined
Error in pixThresholdToBinary: pixs not defined
Error in pixInvert: pixs not defined
Error in pixSobelEdgeFilter: pixs not defined
Error in pixThresholdToBinary: pixs not defined
Error in pixInvert: pixs not defined
Error in pixSobelEdgeFilter: pixs not defined
Error in pixThresholdToBinary: pixs not defined
Error in pixInvert: pixs not defined
Error in pixSobelEdgeFilter: pixs not defined
Error in pixThresholdToBinary: pixs not defined
Error in pixInvert: pixs not defined
Error in pixSobelEdgeFilter: pixs not defined
Error in pixThresholdToBinary: pixs not defined
Error in pixInvert: pixs not defined
Error in pixSobelEdgeFilter: pixs not defined
Error in pixThresholdToBinary: pixs not defined
Error in pixInvert: pixs not defined
Error in pixSobelEdgeFilter: pixs not defined
Error in pixThresholdToBinary: pixs not defined
Error in pixInvert: pixs not defined
Error in pixSobelEdgeFilter: pixs not defined
Error in pixThresholdToBinary: pixs not defined
Error in pixInvert: pixs not defined
Error in pixSobelEdgeFilter: pixs not defined
Error in pixThresholdToBinary: pixs not defined
Error in pixInvert: pixs not defined
Error in pixSobelEdgeFilter: pixs not defined
Error in pixThresholdToBinary: pixs not defined
Error in pixInvert: pixs not defined
Error in pixSobelEdgeFilter: pixs not defined
Error in pixThresholdToBinary: pixs not defined
Error in pixInvert: pixs not defined
Error in pixSobelEdgeFilter: pixs not defined
Error in pixThresholdToBinary: pixs not defined
Error in pixInvert: pixs not defined
Error in pixSobelEdgeFilter: pixs not defined
Error in pixThresholdToBinary: pixs not defined
Error in pixInvert: pixs not defined
Error in pixSobelEdgeFilter: pixs not defined
Error in pixThresholdToBinary: pixs not defined
Error in pixInvert: pixs not defined
Error in pixSobelEdgeFilter: pixs not defined
Error in pixThresholdToBinary: pixs not defined
Error in pixInvert: pixs not defined
Error in pixSobelEdgeFilter: pixs not defined
Error in pixThresholdToBinary: pixs not defined
Error in pixInvert: pixs not defined
Error in pixSobelEdgeFilter: pixs not defined
Error in pixThresholdToBinary: pixs not defined
Error in pixInvert: pixs not defined
Error in pixSobelEdgeFilter: pixs not defined
Error in pixThresholdToBinary: pixs not defined
Error in pixInvert: pixs not defined
Error in pixSobelEdgeFilter: pixs not defined
Error in pixThresholdToBinary: pixs not defined
Error in pixInvert: pixs not defined
Error in pixSobelEdgeFilter: pixs not defined
Error in pixThresholdToBinary: pixs not defined
Error in pixInvert: pixs not defined
Error in pixSobelEdgeFilter: pixs not defined
Error in pixThresholdToBinary: pixs not defined
Error in pixInvert: pixs not defined
Error in pixSobelEdgeFilter: pixs not defined
Error in pixThresholdToBinary: pixs not defined
Error in pixInvert: pixs not defined
Error in pixSobelEdgeFilter: pixs not defined
Error in pixThresholdToBinary: pixs not defined
Error in pixInvert: pixs not defined
Error in pixSobelEdgeFilter: pixs not defined
Error in pixThresholdToBinary: pixs not defined
Error in pixInvert: pixs not defined
Error in pixSobelEdgeFilter: pixs not defined
Error in pixThresholdToBinary: pixs not defined
Error in pixInvert: pixs not defined
Error in pixSobelEdgeFilter: pixs not defined
Error in pixThresholdToBinary: pixs not defined
Error in pixInvert: pixs not defined
Error in pixSobelEdgeFilter: pixs not defined
Error in pixThresholdToBinary: pixs not defined
Error in pixInvert: pixs not defined
Error in pixSobelEdgeFilter: pixs not defined
Error in pixThresholdToBinary: pixs not defined
Error in pixInvert: pixs not defined
Error in pixSobelEdgeFilter: pixs not defined
Error in pixThresholdToBinary: pixs not defined
Error in pixInvert: pixs not defined
Error in pixSobelEdgeFilter: pixs not defined
Error in pixThresholdToBinary: pixs not defined
Error in pixInvert: pixs not defined
Error in pixSobelEdgeFilter: pixs not defined
Error in pixThresholdToBinary: pixs not defined
Error in pixInvert: pixs not defined
Error in pixSobelEdgeFilter: pixs not defined
Error in pixThresholdToBinary: pixs not defined
Error in pixInvert: pixs not defined
Error in pixSobelEdgeFilter: pixs not defined
Error in pixThresholdToBinary: pixs not defined
Error in pixInvert: pixs not defined
Error in pixSobelEdgeFilter: pixs not defined
Error in pixThresholdToBinary: pixs not defined
Error in pixInvert: pixs not defined
Error in pixSobelEdgeFilter: pixs not defined
Error in pixThresholdToBinary: pixs not defined
Error in pixInvert: pixs not defined
Error in pixSobelEdgeFilter: pixs not defined
Error in pixThresholdToBinary: pixs not defined
Error in pixInvert: pixs not defined
Error in pixSobelEdgeFilter: pixs not defined
Error in pixThresholdToBinary: pixs not defined
Error in pixInvert: pixs not defined
Error in pixGetDimensions: pix not defined
Sobel edge MPix/sec:    -nan
Error in pixSobelEdgeFilter: pixs not defined
Error in pixThresholdToBinary: pixs not defined
Error in pixInvert: pixs not defined
Error in regTestWritePixAndCheck: pix not defined
Error in pixSobelEdgeFilter: pixs not defined
Error in pixThresholdToBinary: pixs not defined
Error in pixInvert: pixs not defined
Error in regTestWritePixAndCheck: pix not defined
Error in pixOr: pixs1 not defined
Error in regTestWritePixAndCheck: pix not defined
Error in pixMinOrMax: pixs1 not defined
Error in pixInvert: pixs not defined
Error in regTestWritePixAndCheck: pix not defined
Time:   0.000 sec
FAIL edge_reg (exit status: 1)
