
////////////////////////////////////////////////
////////////////   equal_reg   ///////////////
////////////////////////////////////////////////
leptonica-1.78.0 : libpng 1.6.34 : zlib 1.2.11
Error in findTiffCompression: function not present
Error in pixReadStreamTiff: function not present
Error in pixReadStream: tiff: no pix returned
Error in pixRead: pix not read
Error in pixWrite: pix not defined
Error in fopenReadStream: file not found
Error in pixRead: image file not found: /tmp/lept/equal/junkfeyn.png
Error in regTestComparePix: pix1 and pix2 not both defined
Info in cmapEqual: colormap sizes are different
Error in pixReadStreamJpeg: function not present
Error in pixReadStream: jpeg: no pix returned
Error in pixRead: pix not read
Error in pixThresholdTo4bpp: pixs not defined
Error in pixRemoveColormap: pixs not defined
Error in pixRemoveColormap: pixs not defined
Error in pixConvertRGBToColormap: pixs not defined
Error in regTestComparePix: pix1 and pix2 not both defined
Error in regTestComparePix: pix1 and pix2 not both defined
Error in regTestComparePix: pix1 and pix2 not both defined
Error in pixReadStreamJpeg: function not present
Error in pixReadStream: jpeg: no pix returned
Error in pixRead: pix not read
Error in pixOctreeQuantNumColors: pixs not defined
Error in pixRemoveColormap: pixs not defined
Error in pixConvertRGBToColormap: pixs not defined
Error in pixOctreeQuantNumColors: pixs not defined
Error in regTestComparePix: pix1 and pix2 not both defined
Error in regTestComparePix: pix1 and pix2 not both defined
Error in regTestComparePix: pix1 and pix2 not both defined
Time:   0.048 sec

////////////////////////////////////////////////
////////////////   equal_reg   ///////////////
////////////////////////////////////////////////
leptonica-1.78.0 : libpng 1.6.34 : zlib 1.2.11
Error in findTiffCompression: function not present
Error in pixReadStreamTiff: function not present
Error in pixReadStream: tiff: no pix returned
Error in pixRead: pix not read
Error in pixWrite: pix not defined
Error in fopenReadStream: file not found
Error in pixRead: image file not found: /tmp/lept/equal/junkfeyn.png
Error in regTestComparePix: pix1 and pix2 not both defined
Info in cmapEqual: colormap sizes are different
Error in pixReadStreamJpeg: function not present
Error in pixReadStream: jpeg: no pix returned
Error in pixRead: pix not read
Error in pixThresholdTo4bpp: pixs not defined
Error in pixRemoveColormap: pixs not defined
Error in pixRemoveColormap: pixs not defined
Error in pixConvertRGBToColormap: pixs not defined
Error in regTestComparePix: pix1 and pix2 not both defined
Error in regTestComparePix: pix1 and pix2 not both defined
Error in regTestComparePix: pix1 and pix2 not both defined
Error in pixReadStreamJpeg: function not present
Error in pixReadStream: jpeg: no pix returned
Error in pixRead: pix not read
Error in pixOctreeQuantNumColors: pixs not defined
Error in pixRemoveColormap: pixs not defined
Error in pixConvertRGBToColormap: pixs not defined
Error in pixOctreeQuantNumColors: pixs not defined
Error in regTestComparePix: pix1 and pix2 not both defined
Error in regTestComparePix: pix1 and pix2 not both defined
Error in regTestComparePix: pix1 and pix2 not both defined
Time:   0.046 sec
FAIL equal_reg (exit status: 1)
