
////////////////////////////////////////////////
////////////////   grayquant_reg   ///////////////
////////////////////////////////////////////////
leptonica-1.78.0 : libpng 1.6.34 : zlib 1.2.11
Error in pixReadStreamJpeg: function not present
Error in pixReadStream: jpeg: no pix returned
Error in pixRead: pix not read
Error in pixaAddPix: pix not defined
Error in pixThresholdToBinary: pixs not defined
Error in pixaAddPix: pix not defined
Error in regTestWritePixAndCheck: pix not defined
Error in pixDitherTo2bpp: pixs not defined
Error in pixDitherTo2bpp: pixs not defined
Error in pixConvertGrayToColormap: pixs not defined
Error in pixaAddPix: pix not defined
Error in regTestWritePixAndCheck: pix not defined
Error in pixaAddPix: pix not defined
Error in regTestWritePixAndCheck: pix not defined
Error in pixaAddPix: pix not defined
Error in regTestWritePixAndCheck: pix not defined
Error in regTestComparePix: pix1 and pix2 not both defined
Error in pixThresholdTo2bpp: pixs not defined
Error in pixThresholdTo2bpp: pixs not defined
Error in pixConvertGrayToColormap: pixs not defined
Error in pixaAddPix: pix not defined
Error in regTestWritePixAndCheck: pix not defined
Error in pixaAddPix: pix not defined
Error in regTestWritePixAndCheck: pix not defined
Error in pixaAddPix: pix not defined
Error in regTestWritePixAndCheck: pix not defined
Error in regTestComparePix: pix1 and pix2 not both defined
Error in pixThresholdTo2bpp: pixs not defined
Error in pixThresholdTo2bpp: pixs not defined
Error in pixaAddPix: pix not defined
Error in regTestWritePixAndCheck: pix not defined
Error in pixaAddPix: pix not defined
Error in regTestWritePixAndCheck: pix not defined
Error in pixThresholdTo4bpp: pixs not defined
Error in pixThresholdTo4bpp: pixs not defined
Error in pixConvertGrayToColormap: pixs not defined
Error in pixaAddPix: pix not defined
Error in regTestWritePixAndCheck: pix not defined
Error in pixaAddPix: pix not defined
Error in regTestWritePixAndCheck: pix not defined
Error in pixaAddPix: pix not defined
Error in regTestWritePixAndCheck: pix not defined
Error in pixThresholdOn8bpp: pixs not defined
Error in pixThresholdOn8bpp: pixs not defined
Error in pixConvertGrayToColormap: pixs not defined
Error in pixaAddPix: pix not defined
Error in regTestWritePixAndCheck: pix not defined
Error in pixaAddPix: pix not defined
Error in regTestWritePixAndCheck: pix not defined
Error in pixaAddPix: pix not defined
Error in regTestWritePixAndCheck: pix not defined
Error in regTestComparePix: pix1 and pix2 not both defined
Error in pixReadStreamJpeg: function not present
Error in pixReadStream: jpeg: no pix returned
Error in pixRead: pix not read
Error in pixaAddPix: pix not defined
Error in pixThresholdTo2bpp: pixs not defined
Error in pixaAddPix: pix not defined
Error in regTestWritePixAndCheck: pix not defined
Error in pixGetColormap: pix not defined
Error in pixSetSelectCmap: pixs not defined
Error in pixaAddPix: pix not defined
Error in regTestWritePixAndCheck: pix not defined
Error in pixThreshold8: pixs not defined
Error in pixaAddPix: pix not defined
Error in regTestWritePixAndCheck: pix not defined
Error in pixThreshold8: pixs not defined
Error in pixaAddPix: pix not defined
Error in regTestWritePixAndCheck: pix not defined
Error in pixThreshold8: pixs not defined
Error in pixSetSelectCmap: pixs not defined
Error in pixaAddPix: pix not defined
Error in regTestWritePixAndCheck: pix not defined
Error in pixGetColormap: pix not defined
Error in pixThreshold8: pixs not defined
Error in pixaAddPix: pix not defined
Error in regTestWritePixAndCheck: pix not defined
Error in pixThreshold8: pixs not defined
Error in pixSetSelectCmap: pixs not defined
Error in pixaAddPix: pix not defined
Error in regTestWritePixAndCheck: pix not defined
Error in pixGetColormap: pix not defined
Error in pixThreshold8: pixs not defined
Error in pixaAddPix: pix not defined
Error in regTestWritePixAndCheck: pix not defined
Error in pixThresholdTo4bpp: pixs not defined
Error in pixGetColormap: pix not defined
Error in pixcmapGetIndex: cmap not defined
Error in pixSetSelectCmap: pixs not defined
Error in pixaAddPix: pix not defined
Error in regTestWritePixAndCheck: pix not defined
Error in pixSetSelectCmap: pixs not defined
Error in pixaAddPix: pix not defined
Error in regTestWritePixAndCheck: pix not defined
Error in findTiffCompression: function not present
Error in pixReadStreamTiff: function not present
Error in pixReadStream: tiff: no pix returned
Error in pixRead: pix not read
Error in pixScaleToGray4: pixs not defined
Error in pixReduceRankBinaryCascade: pixs not defined
Error in pixThresholdTo2bpp: pixs not defined
Error in pixaAddPix: pix not defined
Error in regTestWritePixAndCheck: pix not defined
Error in pixaAddPix: pix not defined
Error in regTestWritePixAndCheck: pix not defined
Error in pixSetSelectCmap: pixs not defined
Error in pixaAddPix: pix not defined
Error in regTestWritePixAndCheck: pix not defined
Error in pixGetColormap: pix not defined
Error in pixThresholdTo4bpp: pixs not defined
Error in pixSetSelectCmap: pixs not defined
Error in pixSetSelectCmap: pixs not defined
Error in pixSetSelectCmap: pixs not defined
Error in pixaAddPix: pix not defined
Error in regTestWritePixAndCheck: pix not defined
Error in pixGetColormap: pix not defined
Error in pixReduceRankBinaryCascade: pixs not defined
Error in pixaAddPix: pix not defined
Error in regTestWritePixAndCheck: pix not defined
Error in pixClipRectangle: pixs not defined
Error in pixScale: pixs not defined
Error in pixaAddPix: pix not defined
Error in regTestWritePixAndCheck: pix not defined
Error in pixGetDimensions: pix not defined
Error in pixCreateHeader: width must be > 0
Error in pixCreateNoInit: pixd not made
Error in pixCreate: pixd not made
Error in pixRasterop: pixd not defined
Error in pixThresholdTo4bpp: pixs not defined
Error in pixRemoveColormap: pixs not defined
Error in pixRasterop: pixd not defined
Error in pixaAddPix: pix not defined
Error in regTestWritePixAndCheck: pix not defined
Error in pixThresholdTo4bpp: pixs not defined
Error in pixRemoveColormap: pixs not defined
Error in pixRasterop: pixd not defined
Error in pixaAddPix: pix not defined
Error in regTestWritePixAndCheck: pix not defined
Error in pixThresholdTo4bpp: pixs not defined
Error in pixRemoveColormap: pixs not defined
Error in pixRasterop: pixd not defined
Error in pixaAddPix: pix not defined
Error in regTestWritePixAndCheck: pix not defined
Error in pixThresholdTo4bpp: pixs not defined
Error in pixRemoveColormap: pixs not defined
Error in pixRasterop: pixd not defined
Error in pixaAddPix: pix not defined
Error in regTestWritePixAndCheck: pix not defined
Error in pixThresholdTo4bpp: pixs not defined
Error in pixRemoveColormap: pixs not defined
Error in pixRasterop: pixd not defined
Error in pixaAddPix: pix not defined
Error in regTestWritePixAndCheck: pix not defined
Error in pixaAddPix: pix not defined
Error in regTestWritePixAndCheck: pix not defined
Error in pixReadStreamJpeg: function not present
Error in pixReadStream: jpeg: no pix returned
Error in pixRead: pix not read
Error in pixaAddPix: pix not defined
Error in regTestWritePixAndCheck: pix not defined
Error in pixThresholdTo4bpp: pixs not defined
Error in pixaAddPix: pix not defined
Error in regTestWritePixAndCheck: pix not defined
Error in pixThresholdTo4bpp: pixs not defined
Error in pixaAddPix: pix not defined
Error in regTestWritePixAndCheck: pix not defined
Error in pixGetColormap: pix not defined
Error in pixThresholdTo4bpp: pixs not defined
Error in pixaAddPix: pix not defined
Error in regTestWritePixAndCheck: pix not defined
Error in pixThresholdGrayArb: pixs not defined
Error in pixaAddPix: pix not defined
Error in regTestWritePixAndCheck: pix not defined
Error in pixThresholdGrayArb: pixs not defined
Error in pixaAddPix: pix not defined
Error in regTestWritePixAndCheck: pix not defined
Error in pixGetColormap: pix not defined
Error in pixThresholdGrayArb: pixs not defined
Error in pixaAddPix: pix not defined
Error in regTestWritePixAndCheck: pix not defined
Error in pixThresholdGrayArb: pixs not defined
Error in pixaAddPix: pix not defined
Error in regTestWritePixAndCheck: pix not defined
Error in pixThresholdGrayArb: pixs not defined
Error in pixaAddPix: pix not defined
Error in regTestWritePixAndCheck: pix not defined
Error in pixGetColormap: pix not defined
Error in pixThresholdGrayArb: pixs not defined
Error in pixaAddPix: pix not defined
Error in regTestWritePixAndCheck: pix not defined
Time:   0.000 sec

////////////////////////////////////////////////
////////////////   grayquant_reg   ///////////////
////////////////////////////////////////////////
leptonica-1.78.0 : libpng 1.6.34 : zlib 1.2.11
Error in pixReadStreamJpeg: function not present
Error in pixReadStream: jpeg: no pix returned
Error in pixRead: pix not read
Error in pixaAddPix: pix not defined
Error in pixThresholdToBinary: pixs not defined
Error in pixaAddPix: pix not defined
Error in regTestWritePixAndCheck: pix not defined
Error in pixDitherTo2bpp: pixs not defined
Error in pixDitherTo2bpp: pixs not defined
Error in pixConvertGrayToColormap: pixs not defined
Error in pixaAddPix: pix not defined
Error in regTestWritePixAndCheck: pix not defined
Error in pixaAddPix: pix not defined
Error in regTestWritePixAndCheck: pix not defined
Error in pixaAddPix: pix not defined
Error in regTestWritePixAndCheck: pix not defined
Error in regTestComparePix: pix1 and pix2 not both defined
Error in pixThresholdTo2bpp: pixs not defined
Error in pixThresholdTo2bpp: pixs not defined
Error in pixConvertGrayToColormap: pixs not defined
Error in pixaAddPix: pix not defined
Error in regTestWritePixAndCheck: pix not defined
Error in pixaAddPix: pix not defined
Error in regTestWritePixAndCheck: pix not defined
Error in pixaAddPix: pix not defined
Error in regTestWritePixAndCheck: pix not defined
Error in regTestComparePix: pix1 and pix2 not both defined
Error in pixThresholdTo2bpp: pixs not defined
Error in pixThresholdTo2bpp: pixs not defined
Error in pixaAddPix: pix not defined
Error in regTestWritePixAndCheck: pix not defined
Error in pixaAddPix: pix not defined
Error in regTestWritePixAndCheck: pix not defined
Error in pixThresholdTo4bpp: pixs not defined
Error in pixThresholdTo4bpp: pixs not defined
Error in pixConvertGrayToColormap: pixs not defined
Error in pixaAddPix: pix not defined
Error in regTestWritePixAndCheck: pix not defined
Error in pixaAddPix: pix not defined
Error in regTestWritePixAndCheck: pix not defined
Error in pixaAddPix: pix not defined
Error in regTestWritePixAndCheck: pix not defined
Error in pixThresholdOn8bpp: pixs not defined
Error in pixThresholdOn8bpp: pixs not defined
Error in pixConvertGrayToColormap: pixs not defined
Error in pixaAddPix: pix not defined
Error in regTestWritePixAndCheck: pix not defined
Error in pixaAddPix: pix not defined
Error in regTestWritePixAndCheck: pix not defined
Error in pixaAddPix: pix not defined
Error in regTestWritePixAndCheck: pix not defined
Error in regTestComparePix: pix1 and pix2 not both defined
Error in pixReadStreamJpeg: function not present
Error in pixReadStream: jpeg: no pix returned
Error in pixRead: pix not read
Error in pixaAddPix: pix not defined
Error in pixThresholdTo2bpp: pixs not defined
Error in pixaAddPix: pix not defined
Error in regTestWritePixAndCheck: pix not defined
Error in pixGetColormap: pix not defined
Error in pixSetSelectCmap: pixs not defined
Error in pixaAddPix: pix not defined
Error in regTestWritePixAndCheck: pix not defined
Error in pixThreshold8: pixs not defined
Error in pixaAddPix: pix not defined
Error in regTestWritePixAndCheck: pix not defined
Error in pixThreshold8: pixs not defined
Error in pixaAddPix: pix not defined
Error in regTestWritePixAndCheck: pix not defined
Error in pixThreshold8: pixs not defined
Error in pixSetSelectCmap: pixs not defined
Error in pixaAddPix: pix not defined
Error in regTestWritePixAndCheck: pix not defined
Error in pixGetColormap: pix not defined
Error in pixThreshold8: pixs not defined
Error in pixaAddPix: pix not defined
Error in regTestWritePixAndCheck: pix not defined
Error in pixThreshold8: pixs not defined
Error in pixSetSelectCmap: pixs not defined
Error in pixaAddPix: pix not defined
Error in regTestWritePixAndCheck: pix not defined
Error in pixGetColormap: pix not defined
Error in pixThreshold8: pixs not defined
Error in pixaAddPix: pix not defined
Error in regTestWritePixAndCheck: pix not defined
Error in pixThresholdTo4bpp: pixs not defined
Error in pixGetColormap: pix not defined
Error in pixcmapGetIndex: cmap not defined
Error in pixSetSelectCmap: pixs not defined
Error in pixaAddPix: pix not defined
Error in regTestWritePixAndCheck: pix not defined
Error in pixSetSelectCmap: pixs not defined
Error in pixaAddPix: pix not defined
Error in regTestWritePixAndCheck: pix not defined
Error in findTiffCompression: function not present
Error in pixReadStreamTiff: function not present
Error in pixReadStream: tiff: no pix returned
Error in pixRead: pix not read
Error in pixScaleToGray4: pixs not defined
Error in pixReduceRankBinaryCascade: pixs not defined
Error in pixThresholdTo2bpp: pixs not defined
Error in pixaAddPix: pix not defined
Error in regTestWritePixAndCheck: pix not defined
Error in pixaAddPix: pix not defined
Error in regTestWritePixAndCheck: pix not defined
Error in pixSetSelectCmap: pixs not defined
Error in pixaAddPix: pix not defined
Error in regTestWritePixAndCheck: pix not defined
Error in pixGetColormap: pix not defined
Error in pixThresholdTo4bpp: pixs not defined
Error in pixSetSelectCmap: pixs not defined
Error in pixSetSelectCmap: pixs not defined
Error in pixSetSelectCmap: pixs not defined
Error in pixaAddPix: pix not defined
Error in regTestWritePixAndCheck: pix not defined
Error in pixGetColormap: pix not defined
Error in pixReduceRankBinaryCascade: pixs not defined
Error in pixaAddPix: pix not defined
Error in regTestWritePixAndCheck: pix not defined
Error in pixClipRectangle: pixs not defined
Error in pixScale: pixs not defined
Error in pixaAddPix: pix not defined
Error in regTestWritePixAndCheck: pix not defined
Error in pixGetDimensions: pix not defined
Error in pixCreateHeader: width must be > 0
Error in pixCreateNoInit: pixd not made
Error in pixCreate: pixd not made
Error in pixRasterop: pixd not defined
Error in pixThresholdTo4bpp: pixs not defined
Error in pixRemoveColormap: pixs not defined
Error in pixRasterop: pixd not defined
Error in pixaAddPix: pix not defined
Error in regTestWritePixAndCheck: pix not defined
Error in pixThresholdTo4bpp: pixs not defined
Error in pixRemoveColormap: pixs not defined
Error in pixRasterop: pixd not defined
Error in pixaAddPix: pix not defined
Error in regTestWritePixAndCheck: pix not defined
Error in pixThresholdTo4bpp: pixs not defined
Error in pixRemoveColormap: pixs not defined
Error in pixRasterop: pixd not defined
Error in pixaAddPix: pix not defined
Error in regTestWritePixAndCheck: pix not defined
Error in pixThresholdTo4bpp: pixs not defined
Error in pixRemoveColormap: pixs not defined
Error in pixRasterop: pixd not defined
Error in pixaAddPix: pix not defined
Error in regTestWritePixAndCheck: pix not defined
Error in pixThresholdTo4bpp: pixs not defined
Error in pixRemoveColormap: pixs not defined
Error in pixRasterop: pixd not defined
Error in pixaAddPix: pix not defined
Error in regTestWritePixAndCheck: pix not defined
Error in pixaAddPix: pix not defined
Error in regTestWritePixAndCheck: pix not defined
Error in pixReadStreamJpeg: function not present
Error in pixReadStream: jpeg: no pix returned
Error in pixRead: pix not read
Error in pixaAddPix: pix not defined
Error in regTestWritePixAndCheck: pix not defined
Error in pixThresholdTo4bpp: pixs not defined
Error in pixaAddPix: pix not defined
Error in regTestWritePixAndCheck: pix not defined
Error in pixThresholdTo4bpp: pixs not defined
Error in pixaAddPix: pix not defined
Error in regTestWritePixAndCheck: pix not defined
Error in pixGetColormap: pix not defined
Error in pixThresholdTo4bpp: pixs not defined
Error in pixaAddPix: pix not defined
Error in regTestWritePixAndCheck: pix not defined
Error in pixThresholdGrayArb: pixs not defined
Error in pixaAddPix: pix not defined
Error in regTestWritePixAndCheck: pix not defined
Error in pixThresholdGrayArb: pixs not defined
Error in pixaAddPix: pix not defined
Error in regTestWritePixAndCheck: pix not defined
Error in pixGetColormap: pix not defined
Error in pixThresholdGrayArb: pixs not defined
Error in pixaAddPix: pix not defined
Error in regTestWritePixAndCheck: pix not defined
Error in pixThresholdGrayArb: pixs not defined
Error in pixaAddPix: pix not defined
Error in regTestWritePixAndCheck: pix not defined
Error in pixThresholdGrayArb: pixs not defined
Error in pixaAddPix: pix not defined
Error in regTestWritePixAndCheck: pix not defined
Error in pixGetColormap: pix not defined
Error in pixThresholdGrayArb: pixs not defined
Error in pixaAddPix: pix not defined
Error in regTestWritePixAndCheck: pix not defined
Time:   0.000 sec
FAIL grayquant_reg (exit status: 1)
