
////////////////////////////////////////////////
////////////////   hardlight_reg   ///////////////
////////////////////////////////////////////////
leptonica-1.78.0 : libpng 1.6.34 : zlib 1.2.11
Error in pixReadStreamJpeg: function not present
Error in pixReadStream: jpeg: no pix returned
Error in pixRead: pix not read
Error in pixReadStreamJpeg: function not present
Error in pixReadStream: jpeg: no pix returned
Error in pixRead: pix not read
Error in TestHardlight: pixs1 not read
Error in pixaDisplay: pixa not defined
Error in regTestWritePixAndCheck: pix not defined
Error in pixReadStreamJpeg: function not present
Error in pixReadStream: jpeg: no pix returned
Error in pixRead: pix not read
Error in pixReadStreamJpeg: function not present
Error in pixReadStream: jpeg: no pix returned
Error in pixRead: pix not read
Error in TestHardlight: pixs1 not read
Error in pixaDisplay: pixa not defined
Error in regTestWritePixAndCheck: pix not defined
Time:   0.000 sec

////////////////////////////////////////////////
////////////////   hardlight_reg   ///////////////
////////////////////////////////////////////////
leptonica-1.78.0 : libpng 1.6.34 : zlib 1.2.11
Error in pixReadStreamJpeg: function not present
Error in pixReadStream: jpeg: no pix returned
Error in pixRead: pix not read
Error in pixReadStreamJpeg: function not present
Error in pixReadStream: jpeg: no pix returned
Error in pixRead: pix not read
Error in TestHardlight: pixs1 not read
Error in pixaDisplay: pixa not defined
Error in regTestWritePixAndCheck: pix not defined
Error in pixReadStreamJpeg: function not present
Error in pixReadStream: jpeg: no pix returned
Error in pixRead: pix not read
Error in pixReadStreamJpeg: function not present
Error in pixReadStream: jpeg: no pix returned
Error in pixRead: pix not read
Error in TestHardlight: pixs1 not read
Error in pixaDisplay: pixa not defined
Error in regTestWritePixAndCheck: pix not defined
Time:   0.000 sec
FAIL hardlight_reg (exit status: 1)
