
////////////////////////////////////////////////
////////////////   insert_reg   ///////////////
////////////////////////////////////////////////
leptonica-1.78.0 : libpng 1.6.34 : zlib 1.2.11
Error in findTiffCompression: function not present
Error in pixReadStreamTiff: function not present
Error in pixReadStream: tiff: no pix returned
Error in pixRead: pix not read
Error in pixClipRectangle: pixs not defined
Error in pixConnComp: pixs undefined or not 1 bpp
Error in boxaWrite: boxa not defined
Error in boxaCopy: boxa not defined
Error in boxaGetCount: boxa not defined
Error in boxaWrite: boxa not defined
Error in fopenReadStream: file not found
Error in l_binaryRead: file stream not opened
Error in fileCopy: data not returned
Error in fopenReadStream: file not found
Error in l_binaryRead: file stream not opened
Error in fileCopy: data not returned
Error in findTiffCompression: function not present
Error in pixReadStreamTiff: function not present
Error in pixReadStream: tiff: no pix returned
Error in pixRead: pix not read
Error in pixClipRectangle: pixs not defined
Error in pixConnComp: pixs undefined or not 1 bpp
Error in pixaWrite: pixa not defined
Error in fopenReadStream: file not found
Error in l_binaryRead: file stream not opened
Error in fileCopy: data not returned
Error in pixaCopy: pixa not defined
Error in pixaGetCount: pixa not defined
Error in pixaWrite: pixa not defined
Error in fopenReadStream: file not found
Error in l_binaryRead: file stream not opened
Error in fileCopy: data not returned
Error in pixaCopy: pixa not defined
Error in pixaWrite: pixa not defined
Error in fopenReadStream: file not found
Error in l_binaryRead: file stream not opened
Error in fileCopy: data not returned
Error in pixaCopy: pixa not defined
Error in pixaWrite: pixa not defined
Error in fopenReadStream: file not found
Error in l_binaryRead: file stream not opened
Error in fileCopy: data not returned
Time:   0.002 sec

////////////////////////////////////////////////
////////////////   insert_reg   ///////////////
////////////////////////////////////////////////
leptonica-1.78.0 : libpng 1.6.34 : zlib 1.2.11
Error in findTiffCompression: function not present
Error in pixReadStreamTiff: function not present
Error in pixReadStream: tiff: no pix returned
Error in pixRead: pix not read
Error in pixClipRectangle: pixs not defined
Error in pixConnComp: pixs undefined or not 1 bpp
Error in boxaWrite: boxa not defined
Error in boxaCopy: boxa not defined
Error in boxaGetCount: boxa not defined
Error in boxaWrite: boxa not defined
Error in fopenReadStream: file not found
Error in findFileFormat: image file not found
Error in fopenReadStream: file not found
Error in nbytesInFile: stream not opened
Error in fopenReadStream: file not found
Error in nbytesInFile: stream not opened
Error in fopenReadStream: file not found
Error in l_binaryRead: file stream not opened
Error in filesAreIdentical: array1 not read
Failure in insert_reg, index 3: comparing /tmp/lept/regout/insert3.ba with /tmp/lept/golden/insert_golden.03.ba
Error in fopenReadStream: file not found
Error in findFileFormat: image file not found
Error in fopenReadStream: file not found
Error in nbytesInFile: stream not opened
Error in fopenReadStream: file not found
Error in nbytesInFile: stream not opened
Error in fopenReadStream: file not found
Error in l_binaryRead: file stream not opened
Error in filesAreIdentical: array1 not read
Failure in insert_reg, index 4: comparing /tmp/lept/regout/insert4.ba with /tmp/lept/golden/insert_golden.04.ba
Warning in getSortedPathnamesInDirectory: no files found
Error in regTestCompareFiles: golden file insert_golden.03 not found
Error in findTiffCompression: function not present
Error in pixReadStreamTiff: function not present
Error in pixReadStream: tiff: no pix returned
Error in pixRead: pix not read
Error in pixClipRectangle: pixs not defined
Error in pixConnComp: pixs undefined or not 1 bpp
Error in pixaWrite: pixa not defined
Error in fopenReadStream: file not found
Error in findFileFormat: image file not found
Error in fopenReadStream: file not found
Error in nbytesInFile: stream not opened
Error in fopenReadStream: file not found
Error in nbytesInFile: stream not opened
Error in fopenReadStream: file not found
Error in l_binaryRead: file stream not opened
Error in filesAreIdentical: array1 not read
Failure in insert_reg, index 6: comparing /tmp/lept/regout/insert6.pa with /tmp/lept/golden/insert_golden.06.pa
Error in pixaCopy: pixa not defined
Error in pixaGetCount: pixa not defined
Error in pixaWrite: pixa not defined
Error in fopenReadStream: file not found
Error in findFileFormat: image file not found
Error in fopenReadStream: file not found
Error in nbytesInFile: stream not opened
Error in fopenReadStream: file not found
Error in nbytesInFile: stream not opened
Error in fopenReadStream: file not found
Error in l_binaryRead: file stream not opened
Error in filesAreIdentical: array1 not read
Failure in insert_reg, index 7: comparing /tmp/lept/regout/insert7.pa with /tmp/lept/golden/insert_golden.07.pa
Warning in getSortedPathnamesInDirectory: no files found
Error in regTestCompareFiles: golden file insert_golden.06 not found
Error in pixaCopy: pixa not defined
Error in pixaWrite: pixa not defined
Error in fopenReadStream: file not found
Error in findFileFormat: image file not found
Error in fopenReadStream: file not found
Error in nbytesInFile: stream not opened
Error in fopenReadStream: file not found
Error in nbytesInFile: stream not opened
Error in fopenReadStream: file not found
Error in l_binaryRead: file stream not opened
Error in filesAreIdentical: array1 not read
Failure in insert_reg, index 9: comparing /tmp/lept/regout/insert9.pa with /tmp/lept/golden/insert_golden.09.pa
Error in pixaCopy: pixa not defined
Error in pixaWrite: pixa not defined
Error in fopenReadStream: file not found
Error in findFileFormat: image file not found
Error in fopenReadStream: file not found
Error in nbytesInFile: stream not opened
Error in fopenReadStream: file not found
Error in nbytesInFile: stream not opened
Error in fopenReadStream: file not found
Error in l_binaryRead: file stream not opened
Error in filesAreIdentical: array1 not read
Failure in insert_reg, index 10: comparing /tmp/lept/regout/insert10.pa with /tmp/lept/golden/insert_golden.10.pa
Warning in getSortedPathnamesInDirectory: no files found
Error in regTestCompareFiles: golden file insert_golden.09 not found
Time:   0.000 sec
FAIL insert_reg (exit status: 1)
