
////////////////////////////////////////////////
////////////////   multitype_reg   ///////////////
////////////////////////////////////////////////
leptonica-1.78.0 : libpng 1.6.34 : zlib 1.2.11
Error in findTiffCompression: function not present
Error in pixReadStreamTiff: function not present
Error in pixReadStream: tiff: no pix returned
Error in pixRead: pix not read
Error in pixScaleBySamplingToSize: pixs not defined
Error in pixaAddPix: pix not defined
Error in pixReadStreamJpeg: function not present
Error in pixReadStream: jpeg: no pix returned
Error in pixRead: pix not read
Error in pixScaleBySamplingToSize: pixs not defined
Error in pixaAddPix: pix not defined
Error in pixReadStreamJpeg: function not present
Error in pixReadStream: jpeg: no pix returned
Error in pixRead: pix not read
Error in pixScaleBySamplingToSize: pixs not defined
Error in pixaAddPix: pix not defined
Info in pixReadStreamPng: converting (gray + alpha) ==> RGBA
Error in pixaGetPix: index not valid
Error in pixGetDimensions: pix not defined
Error in pixCreateHeader: width must be > 0
Error in pixCreateNoInit: pixd not made
Error in pixCreate: pixd not made
Error in pixRenderLine: pix not defined
Error in pixRenderLine: pix not defined
Error in pixRenderLine: pix not defined
Error in pixRenderLine: pix not defined
Error in pixRenderLine: pix not defined
Error in pixRenderLine: pix not defined
Error in pixRenderLine: pix not defined
Error in pixRenderLine: pix not defined
Error in pixRenderLine: pix not defined
Error in pixRenderLine: pix not defined
Error in pixRenderLine: pix not defined
Error in pixRenderLine: pix not defined
Error in pixConvertTo8: pixs not defined
Error in pixSetRGBComponent: pixd not defined
Error in pixaAddPix: pix not defined
Info in boxaWriteMem: work-around: writing to a temp file
Info in boxaWriteMem: work-around: writing to a temp file
Info in boxaWriteMem: work-around: writing to a temp file
Info in boxaWriteMem: work-around: writing to a temp file
Info in boxaWriteMem: work-around: writing to a temp file
Info in boxaWriteMem: work-around: writing to a temp file
Info in boxaWriteMem: work-around: writing to a temp file
Info in boxaWriteMem: work-around: writing to a temp file
Info in boxaWriteMem: work-around: writing to a temp file
Warning in pixRotate2Shear:   0.25 radians; large angle for 2-shear rotation
Warning in pixRotate2Shear:   0.35 radians; large angle for 2-shear rotation
Warning in pixRotate2Shear:   0.25 radians; large angle for 2-shear rotation
Warning in pixRotate2Shear:   0.35 radians; large angle for 2-shear rotation
Warning in pixRotate2Shear:   0.25 radians; large angle for 2-shear rotation
Warning in pixRotate2Shear:   0.35 radians; large angle for 2-shear rotation
Warning in pixRotate2Shear:   0.25 radians; large angle for 2-shear rotation
Warning in pixRotate2Shear:   0.35 radians; large angle for 2-shear rotation
Warning in pixRotate2Shear:   0.25 radians; large angle for 2-shear rotation
Warning in pixRotate2Shear:   0.35 radians; large angle for 2-shear rotation
Warning in pixRotate2Shear:   0.25 radians; large angle for 2-shear rotation
Warning in pixRotate2Shear:   0.35 radians; large angle for 2-shear rotation
Warning in pixRotate2Shear:   0.25 radians; large angle for 2-shear rotation
Warning in pixRotate2Shear:   0.25 radians; large angle for 2-shear rotation
Warning in pixRotate2Shear:   0.35 radians; large angle for 2-shear rotation
Warning in pixRotate2Shear:   0.35 radians; large angle for 2-shear rotation
Info in boxaWriteMem: work-around: writing to a temp file
Info in boxaWriteMem: work-around: writing to a temp file
Info in boxaWriteMem: work-around: writing to a temp file
Info in boxaWriteMem: work-around: writing to a temp file
Info in boxaWriteMem: work-around: writing to a temp file
Info in boxaWriteMem: work-around: writing to a temp file
Info in boxaWriteMem: work-around: writing to a temp file
Info in boxaWriteMem: work-around: writing to a temp file
Time:   1.077 sec

////////////////////////////////////////////////
////////////////   multitype_reg   ///////////////
////////////////////////////////////////////////
leptonica-1.78.0 : libpng 1.6.34 : zlib 1.2.11
Error in findTiffCompression: function not present
Error in pixReadStreamTiff: function not present
Error in pixReadStream: tiff: no pix returned
Error in pixRead: pix not read
Error in pixScaleBySamplingToSize: pixs not defined
Error in pixaAddPix: pix not defined
Error in pixReadStreamJpeg: function not present
Error in pixReadStream: jpeg: no pix returned
Error in pixRead: pix not read
Error in pixScaleBySamplingToSize: pixs not defined
Error in pixaAddPix: pix not defined
Error in pixReadStreamJpeg: function not present
Error in pixReadStream: jpeg: no pix returned
Error in pixRead: pix not read
Error in pixScaleBySamplingToSize: pixs not defined
Error in pixaAddPix: pix not defined
Info in pixReadStreamPng: converting (gray + alpha) ==> RGBA
Error in pixaGetPix: index not valid
Error in pixGetDimensions: pix not defined
Error in pixCreateHeader: width must be > 0
Error in pixCreateNoInit: pixd not made
Error in pixCreate: pixd not made
Error in pixRenderLine: pix not defined
Error in pixRenderLine: pix not defined
Error in pixRenderLine: pix not defined
Error in pixRenderLine: pix not defined
Error in pixRenderLine: pix not defined
Error in pixRenderLine: pix not defined
Error in pixRenderLine: pix not defined
Error in pixRenderLine: pix not defined
Error in pixRenderLine: pix not defined
Error in pixRenderLine: pix not defined
Error in pixRenderLine: pix not defined
Error in pixRenderLine: pix not defined
Error in pixConvertTo8: pixs not defined
Error in pixSetRGBComponent: pixd not defined
Error in pixaAddPix: pix not defined
Info in boxaWriteMem: work-around: writing to a temp file
Info in boxaWriteMem: work-around: writing to a temp file
Info in boxaWriteMem: work-around: writing to a temp file
Info in boxaWriteMem: work-around: writing to a temp file
Info in boxaWriteMem: work-around: writing to a temp file
Info in boxaWriteMem: work-around: writing to a temp file
Info in boxaWriteMem: work-around: writing to a temp file
Info in boxaWriteMem: work-around: writing to a temp file
Info in boxaWriteMem: work-around: writing to a temp file
Warning in pixRotate2Shear:   0.25 radians; large angle for 2-shear rotation
Warning in pixRotate2Shear:   0.35 radians; large angle for 2-shear rotation
Warning in pixRotate2Shear:   0.25 radians; large angle for 2-shear rotation
Warning in pixRotate2Shear:   0.35 radians; large angle for 2-shear rotation
Warning in pixRotate2Shear:   0.25 radians; large angle for 2-shear rotation
Warning in pixRotate2Shear:   0.35 radians; large angle for 2-shear rotation
Warning in pixRotate2Shear:   0.25 radians; large angle for 2-shear rotation
Warning in pixRotate2Shear:   0.35 radians; large angle for 2-shear rotation
Warning in pixRotate2Shear:   0.25 radians; large angle for 2-shear rotation
Warning in pixRotate2Shear:   0.35 radians; large angle for 2-shear rotation
Warning in pixRotate2Shear:   0.25 radians; large angle for 2-shear rotation
Warning in pixRotate2Shear:   0.35 radians; large angle for 2-shear rotation
Warning in pixRotate2Shear:   0.25 radians; large angle for 2-shear rotation
Warning in pixRotate2Shear:   0.25 radians; large angle for 2-shear rotation
Warning in pixRotate2Shear:   0.35 radians; large angle for 2-shear rotation
Warning in pixRotate2Shear:   0.35 radians; large angle for 2-shear rotation
Info in boxaWriteMem: work-around: writing to a temp file
Info in boxaWriteMem: work-around: writing to a temp file
Info in boxaWriteMem: work-around: writing to a temp file
Info in boxaWriteMem: work-around: writing to a temp file
Info in boxaWriteMem: work-around: writing to a temp file
Info in boxaWriteMem: work-around: writing to a temp file
Info in boxaWriteMem: work-around: writing to a temp file
Info in boxaWriteMem: work-around: writing to a temp file
Time:   1.025 sec
PASS multitype_reg (exit status: 0)
