
////////////////////////////////////////////////
////////////////   newspaper_reg   ///////////////
////////////////////////////////////////////////
leptonica-1.78.0 : libpng 1.6.34 : zlib 1.2.11
Error in findTiffCompression: function not present
Error in pixReadStreamTiff: function not present
Error in pixReadStream: tiff: no pix returned
Error in pixRead: pix not read
Error in pixScaleToGray4: pixs not defined
Error in pixaAddPix: pix not defined
Error in regTestWritePixAndCheck: pix not defined
Error in pixReduceRankBinary2: pixs not defined
Error in pixScale: pixs not defined
Error in pixaAddPix: pix not defined
Error in pixMorphSequence: pixs not defined
Error in pixScale: pixs not defined
Error in pixaAddPix: pix not defined
Error in regTestWritePixAndCheck: pix not defined
Error in pixSeedfillBinary: pixs undefined or not 1 bpp
Error in pixScale: pixs not defined
Error in pixaAddPix: pix not defined
Error in regTestWritePixAndCheck: pix not defined
Error in pixXor: pixs1 not defined
Error in pixScale: pixs not defined
Error in pixaAddPix: pix not defined
Error in regTestWritePixAndCheck: pix not defined
Error in pixMorphSequence: pixs not defined
Error in pixScale: pixs not defined
Error in pixaAddPix: pix not defined
Error in pixSeedfillBinary: pixs undefined or not 1 bpp
Error in pixScale: pixs not defined
Error in pixaAddPix: pix not defined
Error in regTestWritePixAndCheck: pix not defined
Error in pixXor: pixs1 not defined
Error in pixScale: pixs not defined
Error in pixaAddPix: pix not defined
Error in regTestWritePixAndCheck: pix not defined
Error in pixReduceRankBinaryCascade: pixs not defined
Error in pixInvert: pixs not defined
Error in pixScale: pixs not defined
Error in pixaAddPix: pix not defined
Error in regTestWritePixAndCheck: pix not defined
Error in pixMorphSequence: pixs not defined
Error in pixScale: pixs not defined
Error in pixaAddPix: pix not defined
Error in regTestWritePixAndCheck: pix not defined
Error in pixExpandBinaryPower2: pixs not defined
Error in regTestWritePixAndCheck: pix not defined
Error in pixMorphSequence: pixs not defined
Error in pixSubtract: pixs1 not defined
Error in pixMorphSequence: pixs not defined
Error in pixScale: pixs not defined
Error in pixaAddPix: pix not defined
Error in regTestWritePixAndCheck: pix not defined
Error in pixGetDimensions: pix not defined
Error in pixConnComp: pixs undefined or not 1 bpp
Error in pixaDisplayRandomCmap: pixa not defined
Error in pixScale: pixs not defined
Error in pixaAddPix: pix not defined
Error in regTestWritePixAndCheck: pix not defined
Error in pixGetColormap: pix not defined
Error in pixcmapResetColor: cmap not defined
Error in regTestWritePixAndCheck: pix not defined
Error in pixScale: pixs not defined
Error in pixaAddPix: pix not defined
Error in regTestWritePixAndCheck: pix not defined
Warning in pixaConvertToPdfData: invalid compression type; using per-page default
Error in pixaConvertToPdfData: no pdf files made
Error in pixaConvertToPdf: conversion to pdf failed
Info in newspaper: Output pdf: /tmp/lept/regout/newspaper.pdf
Time:   0.000 sec

////////////////////////////////////////////////
////////////////   newspaper_reg   ///////////////
////////////////////////////////////////////////
leptonica-1.78.0 : libpng 1.6.34 : zlib 1.2.11
Error in findTiffCompression: function not present
Error in pixReadStreamTiff: function not present
Error in pixReadStream: tiff: no pix returned
Error in pixRead: pix not read
Error in pixScaleToGray4: pixs not defined
Error in pixaAddPix: pix not defined
Error in regTestWritePixAndCheck: pix not defined
Error in pixReduceRankBinary2: pixs not defined
Error in pixScale: pixs not defined
Error in pixaAddPix: pix not defined
Error in pixMorphSequence: pixs not defined
Error in pixScale: pixs not defined
Error in pixaAddPix: pix not defined
Error in regTestWritePixAndCheck: pix not defined
Error in pixSeedfillBinary: pixs undefined or not 1 bpp
Error in pixScale: pixs not defined
Error in pixaAddPix: pix not defined
Error in regTestWritePixAndCheck: pix not defined
Error in pixXor: pixs1 not defined
Error in pixScale: pixs not defined
Error in pixaAddPix: pix not defined
Error in regTestWritePixAndCheck: pix not defined
Error in pixMorphSequence: pixs not defined
Error in pixScale: pixs not defined
Error in pixaAddPix: pix not defined
Error in pixSeedfillBinary: pixs undefined or not 1 bpp
Error in pixScale: pixs not defined
Error in pixaAddPix: pix not defined
Error in regTestWritePixAndCheck: pix not defined
Error in pixXor: pixs1 not defined
Error in pixScale: pixs not defined
Error in pixaAddPix: pix not defined
Error in regTestWritePixAndCheck: pix not defined
Error in pixReduceRankBinaryCascade: pixs not defined
Error in pixInvert: pixs not defined
Error in pixScale: pixs not defined
Error in pixaAddPix: pix not defined
Error in regTestWritePixAndCheck: pix not defined
Error in pixMorphSequence: pixs not defined
Error in pixScale: pixs not defined
Error in pixaAddPix: pix not defined
Error in regTestWritePixAndCheck: pix not defined
Error in pixExpandBinaryPower2: pixs not defined
Error in regTestWritePixAndCheck: pix not defined
Error in pixMorphSequence: pixs not defined
Error in pixSubtract: pixs1 not defined
Error in pixMorphSequence: pixs not defined
Error in pixScale: pixs not defined
Error in pixaAddPix: pix not defined
Error in regTestWritePixAndCheck: pix not defined
Error in pixGetDimensions: pix not defined
Error in pixConnComp: pixs undefined or not 1 bpp
Error in pixaDisplayRandomCmap: pixa not defined
Error in pixScale: pixs not defined
Error in pixaAddPix: pix not defined
Error in regTestWritePixAndCheck: pix not defined
Error in pixGetColormap: pix not defined
Error in pixcmapResetColor: cmap not defined
Error in regTestWritePixAndCheck: pix not defined
Error in pixScale: pixs not defined
Error in pixaAddPix: pix not defined
Error in regTestWritePixAndCheck: pix not defined
Warning in pixaConvertToPdfData: invalid compression type; using per-page default
Error in pixaConvertToPdfData: no pdf files made
Error in pixaConvertToPdf: conversion to pdf failed
Info in newspaper: Output pdf: /tmp/lept/regout/newspaper.pdf
Time:   0.000 sec
FAIL newspaper_reg (exit status: 1)
