
////////////////////////////////////////////////
////////////////   projective_reg   ///////////////
////////////////////////////////////////////////
leptonica-1.78.0 : libpng 1.6.34 : zlib 1.2.11
Error in findTiffCompression: function not present
Error in pixReadStreamTiff: function not present
Error in pixReadStream: tiff: no pix returned
Error in pixRead: pix not read
Error in pixScale: pixs not defined
Test invertability of sampling
Error in pixAddBorder: pixs not defined
Error in pixProjectiveSampledPta: pixs not defined
Error in regTestWritePixAndCheck: pix not defined
Error in pixaAddPix: pix not defined
Error in pixProjectiveSampledPta: pixs not defined
Error in regTestWritePixAndCheck: pix not defined
Error in pixaAddPix: pix not defined
Error in pixRemoveBorder: pixs not defined
Error in pixXor: pixs1 not defined
Error in regTestWritePixAndCheck: pix not defined
Error in pixaAddPix: pix not defined
Error in pixAddBorder: pixs not defined
Error in pixProjectiveSampledPta: pixs not defined
Error in regTestWritePixAndCheck: pix not defined
Error in pixaAddPix: pix not defined
Error in pixProjectiveSampledPta: pixs not defined
Error in regTestWritePixAndCheck: pix not defined
Error in pixaAddPix: pix not defined
Error in pixRemoveBorder: pixs not defined
Error in pixXor: pixs1 not defined
Error in regTestWritePixAndCheck: pix not defined
Error in pixaAddPix: pix not defined
Error in pixAddBorder: pixs not defined
Error in pixProjectiveSampledPta: pixs not defined
Error in regTestWritePixAndCheck: pix not defined
Error in pixaAddPix: pix not defined
Error in pixProjectiveSampledPta: pixs not defined
Error in regTestWritePixAndCheck: pix not defined
Error in pixaAddPix: pix not defined
Error in pixRemoveBorder: pixs not defined
Error in pixXor: pixs1 not defined
Error in regTestWritePixAndCheck: pix not defined
Error in pixaAddPix: pix not defined
Error in pixaDisplayTiledInColumns: no components
Error in regTestWritePixAndCheck: pix not defined
Test invertability of grayscale interpolation
Error in pixScaleToGray: pixs not defined
Error in pixAddBorder: pixs not defined
Error in pixProjectivePta: pixs not defined
Error in regTestWritePixAndCheck: pix not defined
Error in pixaAddPix: pix not defined
Error in pixProjectivePta: pixs not defined
Error in regTestWritePixAndCheck: pix not defined
Error in pixaAddPix: pix not defined
Error in pixRemoveBorder: pixs not defined
Error in pixXor: pixs1 not defined
Error in pixInvert: pixs not defined
Error in regTestWritePixAndCheck: pix not defined
Error in pixaAddPix: pix not defined
Error in pixAddBorder: pixs not defined
Error in pixProjectivePta: pixs not defined
Error in regTestWritePixAndCheck: pix not defined
Error in pixaAddPix: pix not defined
Error in pixProjectivePta: pixs not defined
Error in regTestWritePixAndCheck: pix not defined
Error in pixaAddPix: pix not defined
Error in pixRemoveBorder: pixs not defined
Error in pixXor: pixs1 not defined
Error in pixInvert: pixs not defined
Error in regTestWritePixAndCheck: pix not defined
Error in pixaAddPix: pix not defined
Error in pixaDisplayTiledInColumns: no components
Error in regTestWritePixAndCheck: pix not defined
Test invertability of color interpolation
Error in pixReadStreamJpeg: function not present
Error in pixReadStream: jpeg: no pix returned
Error in pixRead: pix not read
Error in pixScale: pixs not defined
Error in pixAddBorder: pixs not defined
Error in pixProjectivePta: pixs not defined
Error in regTestWritePixAndCheck: pix not defined
Error in pixaAddPix: pix not defined
Error in pixProjectivePta: pixs not defined
Error in regTestWritePixAndCheck: pix not defined
Error in pixaAddPix: pix not defined
Error in pixRemoveBorder: pixs not defined
Error in pixXor: pixs1 not defined
Error in pixInvert: pixs not defined
Error in regTestWritePixAndCheck: pix not defined
Error in pixaAddPix: pix not defined
Error in pixAddBorder: pixs not defined
Error in pixProjectivePta: pixs not defined
Error in regTestWritePixAndCheck: pix not defined
Error in pixaAddPix: pix not defined
Error in pixProjectivePta: pixs not defined
Error in regTestWritePixAndCheck: pix not defined
Error in pixaAddPix: pix not defined
Error in pixRemoveBorder: pixs not defined
Error in pixXor: pixs1 not defined
Error in pixInvert: pixs not defined
Error in regTestWritePixAndCheck: pix not defined
Error in pixaAddPix: pix not defined
Error in pixAddBorder: pixs not defined
Error in pixProjectivePta: pixs not defined
Error in regTestWritePixAndCheck: pix not defined
Error in pixaAddPix: pix not defined
Error in pixProjectivePta: pixs not defined
Error in regTestWritePixAndCheck: pix not defined
Error in pixaAddPix: pix not defined
Error in pixRemoveBorder: pixs not defined
Error in pixXor: pixs1 not defined
Error in pixInvert: pixs not defined
Error in regTestWritePixAndCheck: pix not defined
Error in pixaAddPix: pix not defined
Error in pixAddBorder: pixs not defined
Error in pixProjectivePta: pixs not defined
Error in regTestWritePixAndCheck: pix not defined
Error in pixaAddPix: pix not defined
Error in pixProjectivePta: pixs not defined
Error in regTestWritePixAndCheck: pix not defined
Error in pixaAddPix: pix not defined
Error in pixRemoveBorder: pixs not defined
Error in pixXor: pixs1 not defined
Error in pixInvert: pixs not defined
Error in regTestWritePixAndCheck: pix not defined
Error in pixaAddPix: pix not defined
Error in pixaDisplayTiledInColumns: no components
Error in regTestWritePixAndCheck: pix not defined
Compare sampling with interpolated
Error in pixScaleToGray: pixs not defined
Error in pixProjectiveSampledPta: pixs not defined
Error in regTestWritePixAndCheck: pix not defined
Error in pixaAddPix: pix not defined
Error in pixProjectivePta: pixs not defined
Error in regTestWritePixAndCheck: pix not defined
Error in pixaAddPix: pix not defined
Error in pixXor: pixs1 not defined
Error in pixInvert: pixs not defined
Error in regTestWritePixAndCheck: pix not defined
Error in pixaAddPix: pix not defined
Error in pixaDisplayTiledInColumns: no components
Error in regTestWritePixAndCheck: pix not defined
Time:   0.000 sec

////////////////////////////////////////////////
////////////////   projective_reg   ///////////////
////////////////////////////////////////////////
leptonica-1.78.0 : libpng 1.6.34 : zlib 1.2.11
Error in findTiffCompression: function not present
Error in pixReadStreamTiff: function not present
Error in pixReadStream: tiff: no pix returned
Error in pixRead: pix not read
Error in pixScale: pixs not defined
Test invertability of sampling
Error in pixAddBorder: pixs not defined
Error in pixProjectiveSampledPta: pixs not defined
Error in regTestWritePixAndCheck: pix not defined
Error in pixaAddPix: pix not defined
Error in pixProjectiveSampledPta: pixs not defined
Error in regTestWritePixAndCheck: pix not defined
Error in pixaAddPix: pix not defined
Error in pixRemoveBorder: pixs not defined
Error in pixXor: pixs1 not defined
Error in regTestWritePixAndCheck: pix not defined
Error in pixaAddPix: pix not defined
Error in pixAddBorder: pixs not defined
Error in pixProjectiveSampledPta: pixs not defined
Error in regTestWritePixAndCheck: pix not defined
Error in pixaAddPix: pix not defined
Error in pixProjectiveSampledPta: pixs not defined
Error in regTestWritePixAndCheck: pix not defined
Error in pixaAddPix: pix not defined
Error in pixRemoveBorder: pixs not defined
Error in pixXor: pixs1 not defined
Error in regTestWritePixAndCheck: pix not defined
Error in pixaAddPix: pix not defined
Error in pixAddBorder: pixs not defined
Error in pixProjectiveSampledPta: pixs not defined
Error in regTestWritePixAndCheck: pix not defined
Error in pixaAddPix: pix not defined
Error in pixProjectiveSampledPta: pixs not defined
Error in regTestWritePixAndCheck: pix not defined
Error in pixaAddPix: pix not defined
Error in pixRemoveBorder: pixs not defined
Error in pixXor: pixs1 not defined
Error in regTestWritePixAndCheck: pix not defined
Error in pixaAddPix: pix not defined
Error in pixaDisplayTiledInColumns: no components
Error in regTestWritePixAndCheck: pix not defined
Test invertability of grayscale interpolation
Error in pixScaleToGray: pixs not defined
Error in pixAddBorder: pixs not defined
Error in pixProjectivePta: pixs not defined
Error in regTestWritePixAndCheck: pix not defined
Error in pixaAddPix: pix not defined
Error in pixProjectivePta: pixs not defined
Error in regTestWritePixAndCheck: pix not defined
Error in pixaAddPix: pix not defined
Error in pixRemoveBorder: pixs not defined
Error in pixXor: pixs1 not defined
Error in pixInvert: pixs not defined
Error in regTestWritePixAndCheck: pix not defined
Error in pixaAddPix: pix not defined
Error in pixAddBorder: pixs not defined
Error in pixProjectivePta: pixs not defined
Error in regTestWritePixAndCheck: pix not defined
Error in pixaAddPix: pix not defined
Error in pixProjectivePta: pixs not defined
Error in regTestWritePixAndCheck: pix not defined
Error in pixaAddPix: pix not defined
Error in pixRemoveBorder: pixs not defined
Error in pixXor: pixs1 not defined
Error in pixInvert: pixs not defined
Error in regTestWritePixAndCheck: pix not defined
Error in pixaAddPix: pix not defined
Error in pixaDisplayTiledInColumns: no components
Error in regTestWritePixAndCheck: pix not defined
Test invertability of color interpolation
Error in pixReadStreamJpeg: function not present
Error in pixReadStream: jpeg: no pix returned
Error in pixRead: pix not read
Error in pixScale: pixs not defined
Error in pixAddBorder: pixs not defined
Error in pixProjectivePta: pixs not defined
Error in regTestWritePixAndCheck: pix not defined
Error in pixaAddPix: pix not defined
Error in pixProjectivePta: pixs not defined
Error in regTestWritePixAndCheck: pix not defined
Error in pixaAddPix: pix not defined
Error in pixRemoveBorder: pixs not defined
Error in pixXor: pixs1 not defined
Error in pixInvert: pixs not defined
Error in regTestWritePixAndCheck: pix not defined
Error in pixaAddPix: pix not defined
Error in pixAddBorder: pixs not defined
Error in pixProjectivePta: pixs not defined
Error in regTestWritePixAndCheck: pix not defined
Error in pixaAddPix: pix not defined
Error in pixProjectivePta: pixs not defined
Error in regTestWritePixAndCheck: pix not defined
Error in pixaAddPix: pix not defined
Error in pixRemoveBorder: pixs not defined
Error in pixXor: pixs1 not defined
Error in pixInvert: pixs not defined
Error in regTestWritePixAndCheck: pix not defined
Error in pixaAddPix: pix not defined
Error in pixAddBorder: pixs not defined
Error in pixProjectivePta: pixs not defined
Error in regTestWritePixAndCheck: pix not defined
Error in pixaAddPix: pix not defined
Error in pixProjectivePta: pixs not defined
Error in regTestWritePixAndCheck: pix not defined
Error in pixaAddPix: pix not defined
Error in pixRemoveBorder: pixs not defined
Error in pixXor: pixs1 not defined
Error in pixInvert: pixs not defined
Error in regTestWritePixAndCheck: pix not defined
Error in pixaAddPix: pix not defined
Error in pixAddBorder: pixs not defined
Error in pixProjectivePta: pixs not defined
Error in regTestWritePixAndCheck: pix not defined
Error in pixaAddPix: pix not defined
Error in pixProjectivePta: pixs not defined
Error in regTestWritePixAndCheck: pix not defined
Error in pixaAddPix: pix not defined
Error in pixRemoveBorder: pixs not defined
Error in pixXor: pixs1 not defined
Error in pixInvert: pixs not defined
Error in regTestWritePixAndCheck: pix not defined
Error in pixaAddPix: pix not defined
Error in pixaDisplayTiledInColumns: no components
Error in regTestWritePixAndCheck: pix not defined
Compare sampling with interpolated
Error in pixScaleToGray: pixs not defined
Error in pixProjectiveSampledPta: pixs not defined
Error in regTestWritePixAndCheck: pix not defined
Error in pixaAddPix: pix not defined
Error in pixProjectivePta: pixs not defined
Error in regTestWritePixAndCheck: pix not defined
Error in pixaAddPix: pix not defined
Error in pixXor: pixs1 not defined
Error in pixInvert: pixs not defined
Error in regTestWritePixAndCheck: pix not defined
Error in pixaAddPix: pix not defined
Error in pixaDisplayTiledInColumns: no components
Error in regTestWritePixAndCheck: pix not defined
Time:   0.001 sec
FAIL projective_reg (exit status: 1)
