
////////////////////////////////////////////////
////////////////   threshnorm_reg   ///////////////
////////////////////////////////////////////////
leptonica-1.78.0 : libpng 1.6.34 : zlib 1.2.11
Error in pixReadStreamJpeg: function not present
Error in pixReadStream: jpeg: no pix returned
Error in pixRead: pix not read
Error in pixSaveTiledOutline: pixs not defined
Error in pixThresholdSpreadNorm: pixs not defined or not 8 bpp
Error in pixSaveTiledOutline: pixs not defined
Error in pixSaveTiledOutline: pixs not defined
Error in pixThresholdToBinary: pixs not defined
Error in pixSaveTiledOutline: pixs not defined
Error in pixThresholdToBinary: pixs not defined
Error in pixSaveTiledOutline: pixs not defined
Error in pixThresholdToBinary: pixs not defined
Error in pixSaveTiledOutline: pixs not defined
Error in pixThresholdToBinary: pixs not defined
Error in pixSaveTiledOutline: pixs not defined
Error in pixThresholdSpreadNorm: pixs not defined or not 8 bpp
Error in pixSaveTiledOutline: pixs not defined
Error in pixSaveTiledOutline: pixs not defined
Error in pixThresholdToBinary: pixs not defined
Error in pixSaveTiledOutline: pixs not defined
Error in pixThresholdToBinary: pixs not defined
Error in pixSaveTiledOutline: pixs not defined
Error in pixThresholdToBinary: pixs not defined
Error in pixSaveTiledOutline: pixs not defined
Error in pixThresholdToBinary: pixs not defined
Error in pixSaveTiledOutline: pixs not defined
Error in pixThresholdSpreadNorm: pixs not defined or not 8 bpp
Error in pixSaveTiledOutline: pixs not defined
Error in pixSaveTiledOutline: pixs not defined
Error in pixThresholdToBinary: pixs not defined
Error in pixSaveTiledOutline: pixs not defined
Error in pixThresholdToBinary: pixs not defined
Error in pixSaveTiledOutline: pixs not defined
Error in pixThresholdToBinary: pixs not defined
Error in pixSaveTiledOutline: pixs not defined
Error in pixThresholdToBinary: pixs not defined
Error in pixSaveTiledOutline: pixs not defined
Error in pixThresholdSpreadNorm: pixs not defined or not 8 bpp
Error in pixSaveTiledOutline: pixs not defined
Error in pixSaveTiledOutline: pixs not defined
Error in pixThresholdToBinary: pixs not defined
Error in pixSaveTiledOutline: pixs not defined
Error in pixThresholdToBinary: pixs not defined
Error in pixSaveTiledOutline: pixs not defined
Error in pixThresholdToBinary: pixs not defined
Error in pixSaveTiledOutline: pixs not defined
Error in pixThresholdToBinary: pixs not defined
Error in pixSaveTiledOutline: pixs not defined
Error in pixThresholdSpreadNorm: pixs not defined or not 8 bpp
Error in pixSaveTiledOutline: pixs not defined
Error in pixSaveTiledOutline: pixs not defined
Error in pixThresholdToBinary: pixs not defined
Error in pixSaveTiledOutline: pixs not defined
Error in pixThresholdToBinary: pixs not defined
Error in pixSaveTiledOutline: pixs not defined
Error in pixThresholdToBinary: pixs not defined
Error in pixSaveTiledOutline: pixs not defined
Error in pixThresholdToBinary: pixs not defined
Error in pixSaveTiledOutline: pixs not defined
Error in pixThresholdSpreadNorm: pixs not defined or not 8 bpp
Error in pixSaveTiledOutline: pixs not defined
Error in pixSaveTiledOutline: pixs not defined
Error in pixThresholdToBinary: pixs not defined
Error in pixSaveTiledOutline: pixs not defined
Error in pixThresholdToBinary: pixs not defined
Error in pixSaveTiledOutline: pixs not defined
Error in pixThresholdToBinary: pixs not defined
Error in pixSaveTiledOutline: pixs not defined
Error in pixThresholdToBinary: pixs not defined
Error in pixSaveTiledOutline: pixs not defined
Error in pixaDisplay: no components; no size
Error in regTestWritePixAndCheck: pix not defined
Time:   0.000 sec

////////////////////////////////////////////////
////////////////   threshnorm_reg   ///////////////
////////////////////////////////////////////////
leptonica-1.78.0 : libpng 1.6.34 : zlib 1.2.11
Error in pixReadStreamJpeg: function not present
Error in pixReadStream: jpeg: no pix returned
Error in pixRead: pix not read
Error in pixSaveTiledOutline: pixs not defined
Error in pixThresholdSpreadNorm: pixs not defined or not 8 bpp
Error in pixSaveTiledOutline: pixs not defined
Error in pixSaveTiledOutline: pixs not defined
Error in pixThresholdToBinary: pixs not defined
Error in pixSaveTiledOutline: pixs not defined
Error in pixThresholdToBinary: pixs not defined
Error in pixSaveTiledOutline: pixs not defined
Error in pixThresholdToBinary: pixs not defined
Error in pixSaveTiledOutline: pixs not defined
Error in pixThresholdToBinary: pixs not defined
Error in pixSaveTiledOutline: pixs not defined
Error in pixThresholdSpreadNorm: pixs not defined or not 8 bpp
Error in pixSaveTiledOutline: pixs not defined
Error in pixSaveTiledOutline: pixs not defined
Error in pixThresholdToBinary: pixs not defined
Error in pixSaveTiledOutline: pixs not defined
Error in pixThresholdToBinary: pixs not defined
Error in pixSaveTiledOutline: pixs not defined
Error in pixThresholdToBinary: pixs not defined
Error in pixSaveTiledOutline: pixs not defined
Error in pixThresholdToBinary: pixs not defined
Error in pixSaveTiledOutline: pixs not defined
Error in pixThresholdSpreadNorm: pixs not defined or not 8 bpp
Error in pixSaveTiledOutline: pixs not defined
Error in pixSaveTiledOutline: pixs not defined
Error in pixThresholdToBinary: pixs not defined
Error in pixSaveTiledOutline: pixs not defined
Error in pixThresholdToBinary: pixs not defined
Error in pixSaveTiledOutline: pixs not defined
Error in pixThresholdToBinary: pixs not defined
Error in pixSaveTiledOutline: pixs not defined
Error in pixThresholdToBinary: pixs not defined
Error in pixSaveTiledOutline: pixs not defined
Error in pixThresholdSpreadNorm: pixs not defined or not 8 bpp
Error in pixSaveTiledOutline: pixs not defined
Error in pixSaveTiledOutline: pixs not defined
Error in pixThresholdToBinary: pixs not defined
Error in pixSaveTiledOutline: pixs not defined
Error in pixThresholdToBinary: pixs not defined
Error in pixSaveTiledOutline: pixs not defined
Error in pixThresholdToBinary: pixs not defined
Error in pixSaveTiledOutline: pixs not defined
Error in pixThresholdToBinary: pixs not defined
Error in pixSaveTiledOutline: pixs not defined
Error in pixThresholdSpreadNorm: pixs not defined or not 8 bpp
Error in pixSaveTiledOutline: pixs not defined
Error in pixSaveTiledOutline: pixs not defined
Error in pixThresholdToBinary: pixs not defined
Error in pixSaveTiledOutline: pixs not defined
Error in pixThresholdToBinary: pixs not defined
Error in pixSaveTiledOutline: pixs not defined
Error in pixThresholdToBinary: pixs not defined
Error in pixSaveTiledOutline: pixs not defined
Error in pixThresholdToBinary: pixs not defined
Error in pixSaveTiledOutline: pixs not defined
Error in pixThresholdSpreadNorm: pixs not defined or not 8 bpp
Error in pixSaveTiledOutline: pixs not defined
Error in pixSaveTiledOutline: pixs not defined
Error in pixThresholdToBinary: pixs not defined
Error in pixSaveTiledOutline: pixs not defined
Error in pixThresholdToBinary: pixs not defined
Error in pixSaveTiledOutline: pixs not defined
Error in pixThresholdToBinary: pixs not defined
Error in pixSaveTiledOutline: pixs not defined
Error in pixThresholdToBinary: pixs not defined
Error in pixSaveTiledOutline: pixs not defined
Error in pixaDisplay: no components; no size
Error in regTestWritePixAndCheck: pix not defined
Time:   0.000 sec
FAIL threshnorm_reg (exit status: 1)
